{"/Users/deepeshsaheb/Library/CloudStorage/OneDrive-TalenticaSoftware(I)Pvt.Ltd/Learning_LLM/AI Assignment 2/BookCritic-BE/src/app.module.d.ts": {"path":"/Users/deepeshsaheb/Library/CloudStorage/OneDrive-TalenticaSoftware(I)Pvt.Ltd/Learning_LLM/AI Assignment 2/BookCritic-BE/src/app.module.d.ts","statementMap":{},"fnMap":{},"branchMap":{},"s":{},"f":{},"b":{}}
,"/Users/deepeshsaheb/Library/CloudStorage/OneDrive-TalenticaSoftware(I)Pvt.Ltd/Learning_LLM/AI Assignment 2/BookCritic-BE/src/auth/auth.controller.ts": {"path":"/Users/deepeshsaheb/Library/CloudStorage/OneDrive-TalenticaSoftware(I)Pvt.Ltd/Learning_LLM/AI Assignment 2/BookCritic-BE/src/auth/auth.controller.ts","statementMap":{"0":{"start":{"line":1,"column":0},"end":{"line":1,"column":null}},"1":{"start":{"line":10,"column":0},"end":{"line":10,"column":null}},"2":{"start":{"line":16,"column":0},"end":{"line":16,"column":45}},"3":{"start":{"line":17,"column":0},"end":{"line":17,"column":59}},"4":{"start":{"line":18,"column":0},"end":{"line":18,"column":55}},"5":{"start":{"line":19,"column":0},"end":{"line":19,"column":49}},"6":{"start":{"line":20,"column":0},"end":{"line":20,"column":43}},"7":{"start":{"line":27,"column":7},"end":{"line":113,"column":null}},"8":{"start":{"line":28,"column":31},"end":{"line":28,"column":44}},"9":{"start":{"line":56,"column":4},"end":{"line":60,"column":6}},"10":{"start":{"line":90,"column":4},"end":{"line":90,"column":44}},"11":{"start":{"line":104,"column":4},"end":{"line":111,"column":6}},"12":{"start":{"line":27,"column":13},"end":{"line":27,"column":27}},"13":{"start":{"line":55,"column":8},"end":{"line":61,"column":null}},"14":{"start":{"line":89,"column":8},"end":{"line":91,"column":null}},"15":{"start":{"line":103,"column":8},"end":{"line":112,"column":null}},"16":{"start":{"line":27,"column":13},"end":{"line":113,"column":null}}},"fnMap":{"0":{"name":"(anonymous_4)","decl":{"start":{"line":28,"column":2},"end":{"line":28,"column":31}},"loc":{"start":{"line":28,"column":55},"end":{"line":28,"column":59}}},"1":{"name":"(anonymous_5)","decl":{"start":{"line":55,"column":2},"end":{"line":55,"column":7}},"loc":{"start":{"line":55,"column":49},"end":{"line":61,"column":3}}},"2":{"name":"(anonymous_6)","decl":{"start":{"line":89,"column":2},"end":{"line":89,"column":7}},"loc":{"start":{"line":89,"column":56},"end":{"line":91,"column":3}}},"3":{"name":"(anonymous_7)","decl":{"start":{"line":103,"column":2},"end":{"line":103,"column":7}},"loc":{"start":{"line":103,"column":31},"end":{"line":112,"column":3}}}},"branchMap":{},"s":{"0":0,"1":0,"2":0,"3":0,"4":0,"5":0,"6":0,"7":0,"8":0,"9":0,"10":0,"11":0,"12":0,"13":0,"14":0,"15":0,"16":0},"f":{"0":0,"1":0,"2":0,"3":0},"b":{}}
,"/Users/deepeshsaheb/Library/CloudStorage/OneDrive-TalenticaSoftware(I)Pvt.Ltd/Learning_LLM/AI Assignment 2/BookCritic-BE/src/auth/auth.service.ts": {"path":"/Users/deepeshsaheb/Library/CloudStorage/OneDrive-TalenticaSoftware(I)Pvt.Ltd/Learning_LLM/AI Assignment 2/BookCritic-BE/src/auth/auth.service.ts","statementMap":{"0":{"start":{"line":1,"column":0},"end":{"line":1,"column":75}},"1":{"start":{"line":2,"column":0},"end":{"line":2,"column":41}},"2":{"start":{"line":3,"column":0},"end":{"line":3,"column":54}},"3":{"start":{"line":10,"column":24},"end":{"line":83,"column":null}},"4":{"start":{"line":14,"column":21},"end":{"line":14,"column":35}},"5":{"start":{"line":15,"column":21},"end":{"line":15,"column":33}},"6":{"start":{"line":11,"column":19},"end":{"line":11,"column":57}},"7":{"start":{"line":25,"column":4},"end":{"line":25,"column":71}},"8":{"start":{"line":26,"column":4},"end":{"line":26,"column":66}},"9":{"start":{"line":35,"column":4},"end":{"line":35,"column":68}},"10":{"start":{"line":38,"column":4},"end":{"line":38,"column":53}},"11":{"start":{"line":40,"column":20},"end":{"line":44,"column":6}},"12":{"start":{"line":46,"column":4},"end":{"line":54,"column":6}},"13":{"start":{"line":65,"column":4},"end":{"line":65,"column":65}},"14":{"start":{"line":68,"column":25},"end":{"line":68,"column":67}},"15":{"start":{"line":69,"column":4},"end":{"line":71,"column":5}},"16":{"start":{"line":70,"column":6},"end":{"line":70,"column":62}},"17":{"start":{"line":74,"column":17},"end":{"line":78,"column":6}},"18":{"start":{"line":81,"column":4},"end":{"line":81,"column":28}},"19":{"start":{"line":10,"column":13},"end":{"line":10,"column":24}},"20":{"start":{"line":10,"column":13},"end":{"line":83,"column":null}}},"fnMap":{"0":{"name":"(anonymous_2)","decl":{"start":{"line":13,"column":2},"end":{"line":13,"column":null}},"loc":{"start":{"line":15,"column":43},"end":{"line":16,"column":6}}},"1":{"name":"(anonymous_3)","decl":{"start":{"line":24,"column":2},"end":{"line":24,"column":7}},"loc":{"start":{"line":24,"column":52},"end":{"line":27,"column":3}}},"2":{"name":"(anonymous_4)","decl":{"start":{"line":34,"column":2},"end":{"line":34,"column":7}},"loc":{"start":{"line":34,"column":24},"end":{"line":55,"column":3}}},"3":{"name":"(anonymous_5)","decl":{"start":{"line":64,"column":2},"end":{"line":64,"column":7}},"loc":{"start":{"line":64,"column":69},"end":{"line":82,"column":3}}}},"branchMap":{"0":{"loc":{"start":{"line":43,"column":12},"end":{"line":43,"column":31}},"type":"binary-expr","locations":[{"start":{"line":43,"column":12},"end":{"line":43,"column":21}},{"start":{"line":43,"column":25},"end":{"line":43,"column":31}}]},"1":{"loc":{"start":{"line":52,"column":14},"end":{"line":52,"column":33}},"type":"binary-expr","locations":[{"start":{"line":52,"column":14},"end":{"line":52,"column":23}},{"start":{"line":52,"column":27},"end":{"line":52,"column":33}}]},"2":{"loc":{"start":{"line":69,"column":4},"end":{"line":71,"column":5}},"type":"if","locations":[{"start":{"line":69,"column":4},"end":{"line":71,"column":5}}]}},"s":{"0":0,"1":0,"2":0,"3":0,"4":0,"5":0,"6":0,"7":0,"8":0,"9":0,"10":0,"11":0,"12":0,"13":0,"14":0,"15":0,"16":0,"17":0,"18":0,"19":0,"20":0},"f":{"0":0,"1":0,"2":0,"3":0},"b":{"0":[0,0],"1":[0,0],"2":[0]}}
,"/Users/deepeshsaheb/Library/CloudStorage/OneDrive-TalenticaSoftware(I)Pvt.Ltd/Learning_LLM/AI Assignment 2/BookCritic-BE/src/auth/decorators/roles.decorator.ts": {"path":"/Users/deepeshsaheb/Library/CloudStorage/OneDrive-TalenticaSoftware(I)Pvt.Ltd/Learning_LLM/AI Assignment 2/BookCritic-BE/src/auth/decorators/roles.decorator.ts","statementMap":{"0":{"start":{"line":1,"column":0},"end":{"line":1,"column":45}},"1":{"start":{"line":6,"column":13},"end":{"line":6,"column":33}},"2":{"start":{"line":12,"column":21},"end":{"line":12,"column":74}},"3":{"start":{"line":12,"column":45},"end":{"line":12,"column":74}},"4":{"start":{"line":12,"column":13},"end":{"line":12,"column":21}}},"fnMap":{"0":{"name":"(anonymous_0)","decl":{"start":{"line":12,"column":21},"end":{"line":12,"column":22}},"loc":{"start":{"line":12,"column":45},"end":{"line":12,"column":74}}}},"branchMap":{},"s":{"0":0,"1":0,"2":0,"3":0,"4":0},"f":{"0":0},"b":{}}
,"/Users/deepeshsaheb/Library/CloudStorage/OneDrive-TalenticaSoftware(I)Pvt.Ltd/Learning_LLM/AI Assignment 2/BookCritic-BE/src/auth/guards/jwt-auth.guard.ts": {"path":"/Users/deepeshsaheb/Library/CloudStorage/OneDrive-TalenticaSoftware(I)Pvt.Ltd/Learning_LLM/AI Assignment 2/BookCritic-BE/src/auth/guards/jwt-auth.guard.ts","statementMap":{"0":{"start":{"line":1,"column":0},"end":{"line":1,"column":85}},"1":{"start":{"line":2,"column":0},"end":{"line":2,"column":45}},"2":{"start":{"line":9,"column":7},"end":{"line":31,"column":null}},"3":{"start":{"line":18,"column":4},"end":{"line":18,"column":38}},"4":{"start":{"line":26,"column":4},"end":{"line":28,"column":5}},"5":{"start":{"line":27,"column":6},"end":{"line":27,"column":72}},"6":{"start":{"line":29,"column":4},"end":{"line":29,"column":16}},"7":{"start":{"line":9,"column":13},"end":{"line":9,"column":25}},"8":{"start":{"line":9,"column":13},"end":{"line":31,"column":null}}},"fnMap":{"0":{"name":"(anonymous_1)","decl":{"start":{"line":15,"column":2},"end":{"line":15,"column":13}},"loc":{"start":{"line":16,"column":29},"end":{"line":19,"column":3}}},"1":{"name":"(anonymous_2)","decl":{"start":{"line":25,"column":2},"end":{"line":25,"column":15}},"loc":{"start":{"line":25,"column":35},"end":{"line":30,"column":3}}}},"branchMap":{"0":{"loc":{"start":{"line":26,"column":4},"end":{"line":28,"column":5}},"type":"if","locations":[{"start":{"line":26,"column":4},"end":{"line":28,"column":5}}]},"1":{"loc":{"start":{"line":26,"column":8},"end":{"line":26,"column":20}},"type":"binary-expr","locations":[{"start":{"line":26,"column":8},"end":{"line":26,"column":11}},{"start":{"line":26,"column":15},"end":{"line":26,"column":20}}]},"2":{"loc":{"start":{"line":27,"column":12},"end":{"line":27,"column":71}},"type":"binary-expr","locations":[{"start":{"line":27,"column":12},"end":{"line":27,"column":15}},{"start":{"line":27,"column":19},"end":{"line":27,"column":71}}]}},"s":{"0":0,"1":0,"2":0,"3":0,"4":0,"5":0,"6":0,"7":0,"8":0},"f":{"0":0,"1":0},"b":{"0":[0],"1":[0,0],"2":[0,0]}}
,"/Users/deepeshsaheb/Library/CloudStorage/OneDrive-TalenticaSoftware(I)Pvt.Ltd/Learning_LLM/AI Assignment 2/BookCritic-BE/src/auth/guards/local-auth.guard.ts": {"path":"/Users/deepeshsaheb/Library/CloudStorage/OneDrive-TalenticaSoftware(I)Pvt.Ltd/Learning_LLM/AI Assignment 2/BookCritic-BE/src/auth/guards/local-auth.guard.ts","statementMap":{"0":{"start":{"line":1,"column":0},"end":{"line":1,"column":44}},"1":{"start":{"line":2,"column":0},"end":{"line":2,"column":45}},"2":{"start":{"line":8,"column":7},"end":{"line":8,"column":null}},"3":{"start":{"line":8,"column":13},"end":{"line":8,"column":27}},"4":{"start":{"line":8,"column":13},"end":{"line":8,"column":null}}},"fnMap":{},"branchMap":{},"s":{"0":0,"1":0,"2":0,"3":0,"4":0},"f":{},"b":{}}
,"/Users/deepeshsaheb/Library/CloudStorage/OneDrive-TalenticaSoftware(I)Pvt.Ltd/Learning_LLM/AI Assignment 2/BookCritic-BE/src/auth/guards/roles.guard.ts": {"path":"/Users/deepeshsaheb/Library/CloudStorage/OneDrive-TalenticaSoftware(I)Pvt.Ltd/Learning_LLM/AI Assignment 2/BookCritic-BE/src/auth/guards/roles.guard.ts","statementMap":{"0":{"start":{"line":1,"column":0},"end":{"line":1,"column":95}},"1":{"start":{"line":2,"column":0},"end":{"line":2,"column":41}},"2":{"start":{"line":3,"column":0},"end":{"line":3,"column":58}},"3":{"start":{"line":9,"column":7},"end":{"line":39,"column":null}},"4":{"start":{"line":10,"column":22},"end":{"line":10,"column":33}},"5":{"start":{"line":18,"column":26},"end":{"line":21,"column":6}},"6":{"start":{"line":24,"column":4},"end":{"line":26,"column":5}},"7":{"start":{"line":25,"column":6},"end":{"line":25,"column":18}},"8":{"start":{"line":28,"column":21},"end":{"line":28,"column":56}},"9":{"start":{"line":31,"column":20},"end":{"line":31,"column":68}},"10":{"start":{"line":31,"column":49},"end":{"line":31,"column":67}},"11":{"start":{"line":33,"column":4},"end":{"line":35,"column":5}},"12":{"start":{"line":34,"column":6},"end":{"line":34,"column":63}},"13":{"start":{"line":37,"column":4},"end":{"line":37,"column":16}},"14":{"start":{"line":9,"column":13},"end":{"line":9,"column":23}},"15":{"start":{"line":9,"column":13},"end":{"line":39,"column":null}}},"fnMap":{"0":{"name":"(anonymous_2)","decl":{"start":{"line":10,"column":2},"end":{"line":10,"column":22}},"loc":{"start":{"line":10,"column":42},"end":{"line":10,"column":46}}},"1":{"name":"(anonymous_3)","decl":{"start":{"line":17,"column":2},"end":{"line":17,"column":13}},"loc":{"start":{"line":17,"column":39},"end":{"line":38,"column":3}}},"2":{"name":"(anonymous_4)","decl":{"start":{"line":31,"column":39},"end":{"line":31,"column":40}},"loc":{"start":{"line":31,"column":49},"end":{"line":31,"column":67}}}},"branchMap":{"0":{"loc":{"start":{"line":24,"column":4},"end":{"line":26,"column":5}},"type":"if","locations":[{"start":{"line":24,"column":4},"end":{"line":26,"column":5}}]},"1":{"loc":{"start":{"line":24,"column":8},"end":{"line":24,"column":52}},"type":"binary-expr","locations":[{"start":{"line":24,"column":8},"end":{"line":24,"column":22}},{"start":{"line":24,"column":26},"end":{"line":24,"column":52}}]},"2":{"loc":{"start":{"line":33,"column":4},"end":{"line":35,"column":5}},"type":"if","locations":[{"start":{"line":33,"column":4},"end":{"line":35,"column":5}}]}},"s":{"0":0,"1":0,"2":0,"3":0,"4":0,"5":0,"6":0,"7":0,"8":0,"9":0,"10":0,"11":0,"12":0,"13":0,"14":0,"15":0},"f":{"0":0,"1":0,"2":0},"b":{"0":[0],"1":[0,0],"2":[0]}}
,"/Users/deepeshsaheb/Library/CloudStorage/OneDrive-TalenticaSoftware(I)Pvt.Ltd/Learning_LLM/AI Assignment 2/BookCritic-BE/src/auth/strategies/jwt.strategy.ts": {"path":"/Users/deepeshsaheb/Library/CloudStorage/OneDrive-TalenticaSoftware(I)Pvt.Ltd/Learning_LLM/AI Assignment 2/BookCritic-BE/src/auth/strategies/jwt.strategy.ts","statementMap":{"0":{"start":{"line":1,"column":0},"end":{"line":1,"column":67}},"1":{"start":{"line":2,"column":0},"end":{"line":2,"column":52}},"2":{"start":{"line":3,"column":0},"end":{"line":3,"column":52}},"3":{"start":{"line":4,"column":0},"end":{"line":4,"column":47}},"4":{"start":{"line":5,"column":0},"end":{"line":5,"column":57}},"5":{"start":{"line":20,"column":7},"end":{"line":50,"column":null}},"6":{"start":{"line":25,"column":4},"end":{"line":29,"column":7}},"7":{"start":{"line":22,"column":21},"end":{"line":22,"column":36}},"8":{"start":{"line":23,"column":21},"end":{"line":23,"column":35}},"9":{"start":{"line":38,"column":17},"end":{"line":38,"column":61}},"10":{"start":{"line":40,"column":4},"end":{"line":42,"column":5}},"11":{"start":{"line":41,"column":6},"end":{"line":41,"column":56}},"12":{"start":{"line":44,"column":4},"end":{"line":48,"column":6}},"13":{"start":{"line":20,"column":13},"end":{"line":20,"column":24}},"14":{"start":{"line":20,"column":13},"end":{"line":50,"column":null}}},"fnMap":{"0":{"name":"(anonymous_2)","decl":{"start":{"line":21,"column":2},"end":{"line":21,"column":null}},"loc":{"start":{"line":23,"column":47},"end":{"line":30,"column":3}}},"1":{"name":"(anonymous_3)","decl":{"start":{"line":37,"column":2},"end":{"line":37,"column":7}},"loc":{"start":{"line":37,"column":36},"end":{"line":49,"column":3}}}},"branchMap":{"0":{"loc":{"start":{"line":28,"column":19},"end":{"line":28,"column":99}},"type":"binary-expr","locations":[{"start":{"line":28,"column":19},"end":{"line":28,"column":58}},{"start":{"line":28,"column":62},"end":{"line":28,"column":99}}]},"1":{"loc":{"start":{"line":40,"column":4},"end":{"line":42,"column":5}},"type":"if","locations":[{"start":{"line":40,"column":4},"end":{"line":42,"column":5}}]},"2":{"loc":{"start":{"line":47,"column":12},"end":{"line":47,"column":34}},"type":"binary-expr","locations":[{"start":{"line":47,"column":12},"end":{"line":47,"column":24}},{"start":{"line":47,"column":28},"end":{"line":47,"column":34}}]}},"s":{"0":0,"1":0,"2":0,"3":0,"4":0,"5":0,"6":0,"7":0,"8":0,"9":0,"10":0,"11":0,"12":0,"13":0,"14":0},"f":{"0":0,"1":0},"b":{"0":[0,0],"1":[0],"2":[0,0]}}
,"/Users/deepeshsaheb/Library/CloudStorage/OneDrive-TalenticaSoftware(I)Pvt.Ltd/Learning_LLM/AI Assignment 2/BookCritic-BE/src/auth/strategies/local.strategy.ts": {"path":"/Users/deepeshsaheb/Library/CloudStorage/OneDrive-TalenticaSoftware(I)Pvt.Ltd/Learning_LLM/AI Assignment 2/BookCritic-BE/src/auth/strategies/local.strategy.ts","statementMap":{"0":{"start":{"line":1,"column":0},"end":{"line":1,"column":67}},"1":{"start":{"line":2,"column":0},"end":{"line":2,"column":52}},"2":{"start":{"line":3,"column":0},"end":{"line":3,"column":42}},"3":{"start":{"line":4,"column":0},"end":{"line":4,"column":46}},"4":{"start":{"line":10,"column":7},"end":{"line":33,"column":null}},"5":{"start":{"line":12,"column":4},"end":{"line":14,"column":7}},"6":{"start":{"line":11,"column":31},"end":{"line":11,"column":44}},"7":{"start":{"line":25,"column":17},"end":{"line":25,"column":69}},"8":{"start":{"line":27,"column":4},"end":{"line":29,"column":5}},"9":{"start":{"line":28,"column":6},"end":{"line":28,"column":61}},"10":{"start":{"line":31,"column":4},"end":{"line":31,"column":16}},"11":{"start":{"line":10,"column":13},"end":{"line":10,"column":26}},"12":{"start":{"line":10,"column":13},"end":{"line":33,"column":null}}},"fnMap":{"0":{"name":"(anonymous_2)","decl":{"start":{"line":11,"column":2},"end":{"line":11,"column":31}},"loc":{"start":{"line":11,"column":55},"end":{"line":15,"column":3}}},"1":{"name":"(anonymous_3)","decl":{"start":{"line":24,"column":2},"end":{"line":24,"column":7}},"loc":{"start":{"line":24,"column":48},"end":{"line":32,"column":3}}}},"branchMap":{"0":{"loc":{"start":{"line":27,"column":4},"end":{"line":29,"column":5}},"type":"if","locations":[{"start":{"line":27,"column":4},"end":{"line":29,"column":5}}]}},"s":{"0":0,"1":0,"2":0,"3":0,"4":0,"5":0,"6":0,"7":0,"8":0,"9":0,"10":0,"11":0,"12":0},"f":{"0":0,"1":0},"b":{"0":[0]}}
,"/Users/deepeshsaheb/Library/CloudStorage/OneDrive-TalenticaSoftware(I)Pvt.Ltd/Learning_LLM/AI Assignment 2/BookCritic-BE/src/books/books.controller.ts": {"path":"/Users/deepeshsaheb/Library/CloudStorage/OneDrive-TalenticaSoftware(I)Pvt.Ltd/Learning_LLM/AI Assignment 2/BookCritic-BE/src/books/books.controller.ts","statementMap":{"0":{"start":{"line":1,"column":0},"end":{"line":1,"column":null}},"1":{"start":{"line":16,"column":0},"end":{"line":16,"column":null}},"2":{"start":{"line":24,"column":0},"end":{"line":24,"column":47}},"3":{"start":{"line":25,"column":0},"end":{"line":25,"column":54}},"4":{"start":{"line":26,"column":0},"end":{"line":26,"column":54}},"5":{"start":{"line":27,"column":0},"end":{"line":27,"column":46}},"6":{"start":{"line":28,"column":0},"end":{"line":28,"column":61}},"7":{"start":{"line":29,"column":0},"end":{"line":29,"column":56}},"8":{"start":{"line":30,"column":0},"end":{"line":30,"column":59}},"9":{"start":{"line":37,"column":7},"end":{"line":180,"column":null}},"10":{"start":{"line":38,"column":31},"end":{"line":38,"column":45}},"11":{"start":{"line":57,"column":4},"end":{"line":57,"column":51}},"12":{"start":{"line":87,"column":4},"end":{"line":87,"column":49}},"13":{"start":{"line":119,"column":4},"end":{"line":119,"column":55}},"14":{"start":{"line":135,"column":4},"end":{"line":135,"column":41}},"15":{"start":{"line":160,"column":4},"end":{"line":160,"column":55}},"16":{"start":{"line":178,"column":4},"end":{"line":178,"column":40}},"17":{"start":{"line":37,"column":13},"end":{"line":37,"column":28}},"18":{"start":{"line":56,"column":8},"end":{"line":58,"column":null}},"19":{"start":{"line":83,"column":8},"end":{"line":88,"column":null}},"20":{"start":{"line":114,"column":8},"end":{"line":120,"column":null}},"21":{"start":{"line":134,"column":8},"end":{"line":136,"column":null}},"22":{"start":{"line":156,"column":8},"end":{"line":161,"column":null}},"23":{"start":{"line":177,"column":8},"end":{"line":179,"column":null}},"24":{"start":{"line":37,"column":13},"end":{"line":180,"column":null}}},"fnMap":{"0":{"name":"(anonymous_4)","decl":{"start":{"line":38,"column":2},"end":{"line":38,"column":31}},"loc":{"start":{"line":38,"column":57},"end":{"line":38,"column":61}}},"1":{"name":"(anonymous_5)","decl":{"start":{"line":56,"column":2},"end":{"line":56,"column":7}},"loc":{"start":{"line":56,"column":51},"end":{"line":58,"column":3}}},"2":{"name":"(anonymous_6)","decl":{"start":{"line":83,"column":2},"end":{"line":83,"column":7}},"loc":{"start":{"line":85,"column":71},"end":{"line":88,"column":3}}},"3":{"name":"(anonymous_7)","decl":{"start":{"line":114,"column":2},"end":{"line":114,"column":7}},"loc":{"start":{"line":117,"column":71},"end":{"line":120,"column":3}}},"4":{"name":"(anonymous_8)","decl":{"start":{"line":134,"column":2},"end":{"line":134,"column":7}},"loc":{"start":{"line":134,"column":39},"end":{"line":136,"column":3}}},"5":{"name":"(anonymous_9)","decl":{"start":{"line":156,"column":2},"end":{"line":156,"column":7}},"loc":{"start":{"line":158,"column":40},"end":{"line":161,"column":3}}},"6":{"name":"(anonymous_10)","decl":{"start":{"line":177,"column":2},"end":{"line":177,"column":7}},"loc":{"start":{"line":177,"column":38},"end":{"line":179,"column":3}}}},"branchMap":{},"s":{"0":0,"1":0,"2":0,"3":0,"4":0,"5":0,"6":0,"7":0,"8":0,"9":0,"10":0,"11":0,"12":0,"13":0,"14":0,"15":0,"16":0,"17":0,"18":0,"19":0,"20":0,"21":0,"22":0,"23":0,"24":0},"f":{"0":0,"1":0,"2":0,"3":0,"4":0,"5":0,"6":0},"b":{}}
,"/Users/deepeshsaheb/Library/CloudStorage/OneDrive-TalenticaSoftware(I)Pvt.Ltd/Learning_LLM/AI Assignment 2/BookCritic-BE/src/books/books.service.ts": {"path":"/Users/deepeshsaheb/Library/CloudStorage/OneDrive-TalenticaSoftware(I)Pvt.Ltd/Learning_LLM/AI Assignment 2/BookCritic-BE/src/books/books.service.ts","statementMap":{"0":{"start":{"line":1,"column":0},"end":{"line":1,"column":71}},"1":{"start":{"line":2,"column":0},"end":{"line":2,"column":51}},"2":{"start":{"line":3,"column":0},"end":{"line":3,"column":37}},"3":{"start":{"line":4,"column":0},"end":{"line":4,"column":46}},"4":{"start":{"line":7,"column":0},"end":{"line":7,"column":57}},"5":{"start":{"line":13,"column":25},"end":{"line":171,"column":null}},"6":{"start":{"line":18,"column":21},"end":{"line":18,"column":38}},"7":{"start":{"line":20,"column":21},"end":{"line":20,"column":43}},"8":{"start":{"line":14,"column":19},"end":{"line":14,"column":58}},"9":{"start":{"line":29,"column":38},"end":{"line":29,"column":51}},"10":{"start":{"line":29,"column":33},"end":{"line":29,"column":38}},"11":{"start":{"line":31,"column":4},"end":{"line":31,"column":60}},"12":{"start":{"line":34,"column":17},"end":{"line":34,"column":54}},"13":{"start":{"line":35,"column":22},"end":{"line":35,"column":59}},"14":{"start":{"line":38,"column":4},"end":{"line":40,"column":5}},"15":{"start":{"line":39,"column":6},"end":{"line":39,"column":58}},"16":{"start":{"line":42,"column":4},"end":{"line":42,"column":38}},"17":{"start":{"line":52,"column":4},"end":{"line":52,"column":85}},"18":{"start":{"line":54,"column":27},"end":{"line":58,"column":6}},"19":{"start":{"line":60,"column":4},"end":{"line":60,"column":28}},"20":{"start":{"line":70,"column":4},"end":{"line":70,"column":51}},"21":{"start":{"line":72,"column":17},"end":{"line":75,"column":6}},"22":{"start":{"line":77,"column":4},"end":{"line":80,"column":5}},"23":{"start":{"line":78,"column":6},"end":{"line":78,"column":55}},"24":{"start":{"line":79,"column":6},"end":{"line":79,"column":66}},"25":{"start":{"line":82,"column":4},"end":{"line":82,"column":16}},"26":{"start":{"line":93,"column":4},"end":{"line":93,"column":60}},"27":{"start":{"line":95,"column":27},"end":{"line":104,"column":24}},"28":{"start":{"line":106,"column":4},"end":{"line":106,"column":28}},"29":{"start":{"line":117,"column":4},"end":{"line":117,"column":52}},"30":{"start":{"line":119,"column":38},"end":{"line":119,"column":51}},"31":{"start":{"line":119,"column":33},"end":{"line":119,"column":38}},"32":{"start":{"line":120,"column":17},"end":{"line":120,"column":39}},"33":{"start":{"line":123,"column":4},"end":{"line":123,"column":34}},"34":{"start":{"line":124,"column":4},"end":{"line":124,"column":42}},"35":{"start":{"line":127,"column":4},"end":{"line":129,"column":5}},"36":{"start":{"line":128,"column":6},"end":{"line":128,"column":48}},"37":{"start":{"line":131,"column":4},"end":{"line":131,"column":28}},"38":{"start":{"line":141,"column":4},"end":{"line":141,"column":52}},"39":{"start":{"line":143,"column":17},"end":{"line":143,"column":39}},"40":{"start":{"line":146,"column":4},"end":{"line":146,"column":59}},"41":{"start":{"line":149,"column":4},"end":{"line":149,"column":44}},"42":{"start":{"line":159,"column":4},"end":{"line":159,"column":67}},"43":{"start":{"line":162,"column":4},"end":{"line":162,"column":55}},"44":{"start":{"line":165,"column":23},"end":{"line":166,"column":null}},"45":{"start":{"line":166,"column":6},"end":{"line":166,"column":59}},"46":{"start":{"line":169,"column":4},"end":{"line":169,"column":53}},"47":{"start":{"line":13,"column":13},"end":{"line":13,"column":25}},"48":{"start":{"line":13,"column":13},"end":{"line":171,"column":null}}},"fnMap":{"0":{"name":"(anonymous_5)","decl":{"start":{"line":16,"column":2},"end":{"line":16,"column":null}},"loc":{"start":{"line":20,"column":64},"end":{"line":21,"column":6}}},"1":{"name":"(anonymous_6)","decl":{"start":{"line":28,"column":2},"end":{"line":28,"column":7}},"loc":{"start":{"line":28,"column":43},"end":{"line":43,"column":3}}},"2":{"name":"(anonymous_7)","decl":{"start":{"line":51,"column":2},"end":{"line":51,"column":7}},"loc":{"start":{"line":51,"column":35},"end":{"line":61,"column":3}}},"3":{"name":"(anonymous_8)","decl":{"start":{"line":69,"column":2},"end":{"line":69,"column":7}},"loc":{"start":{"line":69,"column":26},"end":{"line":83,"column":3}}},"4":{"name":"(anonymous_9)","decl":{"start":{"line":92,"column":2},"end":{"line":92,"column":7}},"loc":{"start":{"line":92,"column":49},"end":{"line":107,"column":3}}},"5":{"name":"(anonymous_10)","decl":{"start":{"line":116,"column":2},"end":{"line":116,"column":7}},"loc":{"start":{"line":116,"column":55},"end":{"line":132,"column":3}}},"6":{"name":"(anonymous_11)","decl":{"start":{"line":140,"column":2},"end":{"line":140,"column":7}},"loc":{"start":{"line":140,"column":25},"end":{"line":150,"column":3}}},"7":{"name":"(anonymous_12)","decl":{"start":{"line":158,"column":10},"end":{"line":158,"column":15}},"loc":{"start":{"line":158,"column":67},"end":{"line":170,"column":3}}},"8":{"name":"(anonymous_13)","decl":{"start":{"line":165,"column":36},"end":{"line":165,"column":43}},"loc":{"start":{"line":166,"column":6},"end":{"line":166,"column":59}}}},"branchMap":{"0":{"loc":{"start":{"line":38,"column":4},"end":{"line":40,"column":5}},"type":"if","locations":[{"start":{"line":38,"column":4},"end":{"line":40,"column":5}}]},"1":{"loc":{"start":{"line":38,"column":8},"end":{"line":38,"column":39}},"type":"binary-expr","locations":[{"start":{"line":38,"column":8},"end":{"line":38,"column":16}},{"start":{"line":38,"column":20},"end":{"line":38,"column":39}}]},"2":{"loc":{"start":{"line":51,"column":16},"end":{"line":51,"column":24}},"type":"default-arg","locations":[{"start":{"line":51,"column":23},"end":{"line":51,"column":24}}]},"3":{"loc":{"start":{"line":51,"column":26},"end":{"line":51,"column":35}},"type":"default-arg","locations":[{"start":{"line":51,"column":33},"end":{"line":51,"column":35}}]},"4":{"loc":{"start":{"line":77,"column":4},"end":{"line":80,"column":5}},"type":"if","locations":[{"start":{"line":77,"column":4},"end":{"line":80,"column":5}}]},"5":{"loc":{"start":{"line":92,"column":30},"end":{"line":92,"column":38}},"type":"default-arg","locations":[{"start":{"line":92,"column":37},"end":{"line":92,"column":38}}]},"6":{"loc":{"start":{"line":92,"column":40},"end":{"line":92,"column":49}},"type":"default-arg","locations":[{"start":{"line":92,"column":47},"end":{"line":92,"column":49}}]},"7":{"loc":{"start":{"line":127,"column":4},"end":{"line":129,"column":5}},"type":"if","locations":[{"start":{"line":127,"column":4},"end":{"line":129,"column":5}}]}},"s":{"0":0,"1":0,"2":0,"3":0,"4":0,"5":0,"6":0,"7":0,"8":0,"9":0,"10":0,"11":0,"12":0,"13":0,"14":0,"15":0,"16":0,"17":0,"18":0,"19":0,"20":0,"21":0,"22":0,"23":0,"24":0,"25":0,"26":0,"27":0,"28":0,"29":0,"30":0,"31":0,"32":0,"33":0,"34":0,"35":0,"36":0,"37":0,"38":0,"39":0,"40":0,"41":0,"42":0,"43":0,"44":0,"45":0,"46":0,"47":0,"48":0},"f":{"0":0,"1":0,"2":0,"3":0,"4":0,"5":0,"6":0,"7":0,"8":0},"b":{"0":[0],"1":[0,0],"2":[0],"3":[0],"4":[0],"5":[0],"6":[0],"7":[0]}}
,"/Users/deepeshsaheb/Library/CloudStorage/OneDrive-TalenticaSoftware(I)Pvt.Ltd/Learning_LLM/AI Assignment 2/BookCritic-BE/src/common/health/health.controller.ts": {"path":"/Users/deepeshsaheb/Library/CloudStorage/OneDrive-TalenticaSoftware(I)Pvt.Ltd/Learning_LLM/AI Assignment 2/BookCritic-BE/src/common/health/health.controller.ts","statementMap":{"0":{"start":{"line":1,"column":0},"end":{"line":1,"column":49}},"1":{"start":{"line":2,"column":0},"end":{"line":2,"column":69}},"2":{"start":{"line":3,"column":0},"end":{"line":3,"column":null}},"3":{"start":{"line":16,"column":7},"end":{"line":85,"column":null}},"4":{"start":{"line":18,"column":21},"end":{"line":18,"column":29}},"5":{"start":{"line":19,"column":21},"end":{"line":19,"column":25}},"6":{"start":{"line":20,"column":21},"end":{"line":20,"column":29}},"7":{"start":{"line":21,"column":21},"end":{"line":21,"column":27}},"8":{"start":{"line":48,"column":4},"end":{"line":60,"column":7}},"9":{"start":{"line":50,"column":12},"end":{"line":50,"column":41}},"10":{"start":{"line":53,"column":12},"end":{"line":53,"column":67}},"11":{"start":{"line":56,"column":12},"end":{"line":59,"column":8}},"12":{"start":{"line":80,"column":4},"end":{"line":83,"column":6}},"13":{"start":{"line":16,"column":13},"end":{"line":16,"column":29}},"14":{"start":{"line":47,"column":2},"end":{"line":61,"column":null}},"15":{"start":{"line":79,"column":2},"end":{"line":84,"column":null}},"16":{"start":{"line":16,"column":13},"end":{"line":85,"column":null}}},"fnMap":{"0":{"name":"(anonymous_2)","decl":{"start":{"line":17,"column":2},"end":{"line":17,"column":null}},"loc":{"start":{"line":21,"column":46},"end":{"line":22,"column":6}}},"1":{"name":"(anonymous_3)","decl":{"start":{"line":47,"column":2},"end":{"line":47,"column":7}},"loc":{"start":{"line":47,"column":7},"end":{"line":61,"column":3}}},"2":{"name":"(anonymous_4)","decl":{"start":{"line":50,"column":6},"end":{"line":50,"column":9}},"loc":{"start":{"line":50,"column":12},"end":{"line":50,"column":41}}},"3":{"name":"(anonymous_5)","decl":{"start":{"line":53,"column":6},"end":{"line":53,"column":9}},"loc":{"start":{"line":53,"column":12},"end":{"line":53,"column":67}}},"4":{"name":"(anonymous_6)","decl":{"start":{"line":56,"column":6},"end":{"line":56,"column":9}},"loc":{"start":{"line":56,"column":12},"end":{"line":59,"column":8}}},"5":{"name":"(anonymous_7)","decl":{"start":{"line":79,"column":2},"end":{"line":79,"column":6}},"loc":{"start":{"line":79,"column":6},"end":{"line":84,"column":3}}}},"branchMap":{},"s":{"0":0,"1":0,"2":0,"3":0,"4":0,"5":0,"6":0,"7":0,"8":0,"9":0,"10":0,"11":0,"12":0,"13":0,"14":0,"15":0,"16":0},"f":{"0":0,"1":0,"2":0,"3":0,"4":0,"5":0},"b":{}}
,"/Users/deepeshsaheb/Library/CloudStorage/OneDrive-TalenticaSoftware(I)Pvt.Ltd/Learning_LLM/AI Assignment 2/BookCritic-BE/src/common/logging/winston-logger.service.ts": {"path":"/Users/deepeshsaheb/Library/CloudStorage/OneDrive-TalenticaSoftware(I)Pvt.Ltd/Learning_LLM/AI Assignment 2/BookCritic-BE/src/common/logging/winston-logger.service.ts","statementMap":{"0":{"start":{"line":1,"column":0},"end":{"line":1,"column":59}},"1":{"start":{"line":2,"column":0},"end":{"line":2,"column":47}},"2":{"start":{"line":3,"column":0},"end":{"line":3,"column":35}},"3":{"start":{"line":4,"column":0},"end":{"line":4,"column":35}},"4":{"start":{"line":10,"column":7},"end":{"line":121,"column":null}},"5":{"start":{"line":13,"column":31},"end":{"line":13,"column":46}},"6":{"start":{"line":14,"column":24},"end":{"line":14,"column":83}},"7":{"start":{"line":15,"column":25},"end":{"line":15,"column":53}},"8":{"start":{"line":18,"column":22},"end":{"line":21,"column":null}},"9":{"start":{"line":25,"column":44},"end":{"line":37,"column":6}},"10":{"start":{"line":30,"column":69},"end":{"line":30,"column":74}},"11":{"start":{"line":30,"column":78},"end":{"line":30,"column":82}},"12":{"start":{"line":31,"column":12},"end":{"line":33,"column":15}},"13":{"start":{"line":40,"column":4},"end":{"line":65,"column":5}},"14":{"start":{"line":42,"column":6},"end":{"line":51,"column":8}},"15":{"start":{"line":54,"column":6},"end":{"line":64,"column":8}},"16":{"start":{"line":68,"column":4},"end":{"line":73,"column":7}},"17":{"start":{"line":82,"column":4},"end":{"line":82,"column":43}},"18":{"start":{"line":92,"column":4},"end":{"line":92,"column":51}},"19":{"start":{"line":101,"column":4},"end":{"line":101,"column":43}},"20":{"start":{"line":110,"column":4},"end":{"line":110,"column":44}},"21":{"start":{"line":119,"column":4},"end":{"line":119,"column":46}},"22":{"start":{"line":10,"column":13},"end":{"line":10,"column":33}},"23":{"start":{"line":10,"column":13},"end":{"line":121,"column":null}}},"fnMap":{"0":{"name":"(anonymous_12)","decl":{"start":{"line":13,"column":2},"end":{"line":13,"column":31}},"loc":{"start":{"line":13,"column":59},"end":{"line":74,"column":3}}},"1":{"name":"(anonymous_13)","decl":{"start":{"line":30,"column":32},"end":{"line":30,"column":33}},"loc":{"start":{"line":30,"column":84},"end":{"line":34,"column":11}}},"2":{"name":"(anonymous_14)","decl":{"start":{"line":81,"column":2},"end":{"line":81,"column":5}},"loc":{"start":{"line":81,"column":39},"end":{"line":83,"column":3}}},"3":{"name":"(anonymous_15)","decl":{"start":{"line":91,"column":2},"end":{"line":91,"column":7}},"loc":{"start":{"line":91,"column":57},"end":{"line":93,"column":3}}},"4":{"name":"(anonymous_16)","decl":{"start":{"line":100,"column":2},"end":{"line":100,"column":6}},"loc":{"start":{"line":100,"column":40},"end":{"line":102,"column":3}}},"5":{"name":"(anonymous_17)","decl":{"start":{"line":109,"column":2},"end":{"line":109,"column":7}},"loc":{"start":{"line":109,"column":41},"end":{"line":111,"column":3}}},"6":{"name":"(anonymous_18)","decl":{"start":{"line":118,"column":2},"end":{"line":118,"column":9}},"loc":{"start":{"line":118,"column":43},"end":{"line":120,"column":3}}}},"branchMap":{"0":{"loc":{"start":{"line":14,"column":24},"end":{"line":14,"column":83}},"type":"binary-expr","locations":[{"start":{"line":14,"column":24},"end":{"line":14,"column":66}},{"start":{"line":14,"column":70},"end":{"line":14,"column":83}}]},"1":{"loc":{"start":{"line":31,"column":47},"end":{"line":31,"column":71}},"type":"binary-expr","locations":[{"start":{"line":31,"column":47},"end":{"line":31,"column":54}},{"start":{"line":31,"column":58},"end":{"line":31,"column":71}}]},"2":{"loc":{"start":{"line":32,"column":14},"end":{"line":32,"column":null}},"type":"cond-expr","locations":[{"start":{"line":32,"column":41},"end":{"line":32,"column":61}},{"start":{"line":32,"column":64},"end":{"line":32,"column":null}}]},"3":{"loc":{"start":{"line":40,"column":4},"end":{"line":65,"column":5}},"type":"if","locations":[{"start":{"line":40,"column":4},"end":{"line":65,"column":5}}]},"4":{"loc":{"start":{"line":69,"column":13},"end":{"line":69,"column":44}},"type":"cond-expr","locations":[{"start":{"line":69,"column":28},"end":{"line":69,"column":34}},{"start":{"line":69,"column":37},"end":{"line":69,"column":44}}]}},"s":{"0":0,"1":0,"2":0,"3":0,"4":0,"5":0,"6":0,"7":0,"8":0,"9":0,"10":0,"11":0,"12":0,"13":0,"14":0,"15":0,"16":0,"17":0,"18":0,"19":0,"20":0,"21":0,"22":0,"23":0},"f":{"0":0,"1":0,"2":0,"3":0,"4":0,"5":0,"6":0},"b":{"0":[0,0],"1":[0,0],"2":[0,0],"3":[0],"4":[0,0]}}
,"/Users/deepeshsaheb/Library/CloudStorage/OneDrive-TalenticaSoftware(I)Pvt.Ltd/Learning_LLM/AI Assignment 2/BookCritic-BE/src/common/swagger/swagger.config.ts": {"path":"/Users/deepeshsaheb/Library/CloudStorage/OneDrive-TalenticaSoftware(I)Pvt.Ltd/Learning_LLM/AI Assignment 2/BookCritic-BE/src/common/swagger/swagger.config.ts","statementMap":{"0":{"start":{"line":8,"column":0},"end":{"line":8,"column":16}},"1":{"start":{"line":1,"column":0},"end":{"line":1,"column":65}},"2":{"start":{"line":9,"column":18},"end":{"line":31,"column":12}},"3":{"start":{"line":33,"column":19},"end":{"line":33,"column":61}},"4":{"start":{"line":34,"column":2},"end":{"line":38,"column":5}}},"fnMap":{"0":{"name":"setupSwagger","decl":{"start":{"line":8,"column":16},"end":{"line":8,"column":28}},"loc":{"start":{"line":8,"column":50},"end":{"line":39,"column":1}}}},"branchMap":{},"s":{"0":0,"1":0,"2":0,"3":0,"4":0},"f":{"0":0},"b":{}}
,"/Users/deepeshsaheb/Library/CloudStorage/OneDrive-TalenticaSoftware(I)Pvt.Ltd/Learning_LLM/AI Assignment 2/BookCritic-BE/src/config/database.config.ts": {"path":"/Users/deepeshsaheb/Library/CloudStorage/OneDrive-TalenticaSoftware(I)Pvt.Ltd/Learning_LLM/AI Assignment 2/BookCritic-BE/src/config/database.config.ts","statementMap":{"0":{"start":{"line":2,"column":0},"end":{"line":2,"column":33}},"1":{"start":{"line":4,"column":0},"end":{"line":4,"column":16}},"2":{"start":{"line":9,"column":13},"end":{"line":35,"column":2}}},"fnMap":{},"branchMap":{"0":{"loc":{"start":{"line":11,"column":8},"end":{"line":11,"column":42}},"type":"binary-expr","locations":[{"start":{"line":11,"column":8},"end":{"line":11,"column":27}},{"start":{"line":11,"column":31},"end":{"line":11,"column":42}}]},"1":{"loc":{"start":{"line":12,"column":17},"end":{"line":12,"column":46}},"type":"binary-expr","locations":[{"start":{"line":12,"column":17},"end":{"line":12,"column":36}},{"start":{"line":12,"column":40},"end":{"line":12,"column":46}}]},"2":{"loc":{"start":{"line":13,"column":12},"end":{"line":13,"column":49}},"type":"binary-expr","locations":[{"start":{"line":13,"column":12},"end":{"line":13,"column":35}},{"start":{"line":13,"column":39},"end":{"line":13,"column":49}}]},"3":{"loc":{"start":{"line":14,"column":12},"end":{"line":14,"column":49}},"type":"binary-expr","locations":[{"start":{"line":14,"column":12},"end":{"line":14,"column":35}},{"start":{"line":14,"column":39},"end":{"line":14,"column":49}}]},"4":{"loc":{"start":{"line":15,"column":12},"end":{"line":15,"column":51}},"type":"binary-expr","locations":[{"start":{"line":15,"column":12},"end":{"line":15,"column":35}},{"start":{"line":15,"column":39},"end":{"line":15,"column":51}}]},"5":{"loc":{"start":{"line":16,"column":10},"end":{"line":16,"column":43}},"type":"binary-expr","locations":[{"start":{"line":16,"column":10},"end":{"line":16,"column":31}},{"start":{"line":16,"column":35},"end":{"line":16,"column":43}}]},"6":{"loc":{"start":{"line":25,"column":7},"end":{"line":25,"column":84}},"type":"cond-expr","locations":[{"start":{"line":25,"column":47},"end":{"line":25,"column":76}},{"start":{"line":25,"column":79},"end":{"line":25,"column":84}}]}},"s":{"0":0,"1":0,"2":0},"f":{},"b":{"0":[0,0],"1":[0,0],"2":[0,0],"3":[0,0],"4":[0,0],"5":[0,0],"6":[0,0]}}
,"/Users/deepeshsaheb/Library/CloudStorage/OneDrive-TalenticaSoftware(I)Pvt.Ltd/Learning_LLM/AI Assignment 2/BookCritic-BE/src/config/pgbouncer.config.ts": {"path":"/Users/deepeshsaheb/Library/CloudStorage/OneDrive-TalenticaSoftware(I)Pvt.Ltd/Learning_LLM/AI Assignment 2/BookCritic-BE/src/config/pgbouncer.config.ts","statementMap":{"0":{"start":{"line":1,"column":0},"end":{"line":1,"column":33}},"1":{"start":{"line":3,"column":0},"end":{"line":3,"column":16}},"2":{"start":{"line":8,"column":13},"end":{"line":48,"column":2}}},"fnMap":{},"branchMap":{"0":{"loc":{"start":{"line":10,"column":8},"end":{"line":10,"column":49}},"type":"binary-expr","locations":[{"start":{"line":10,"column":8},"end":{"line":10,"column":34}},{"start":{"line":10,"column":38},"end":{"line":10,"column":49}}]},"1":{"loc":{"start":{"line":11,"column":17},"end":{"line":11,"column":53}},"type":"binary-expr","locations":[{"start":{"line":11,"column":17},"end":{"line":11,"column":43}},{"start":{"line":11,"column":47},"end":{"line":11,"column":53}}]},"2":{"loc":{"start":{"line":40,"column":12},"end":{"line":40,"column":46}},"type":"binary-expr","locations":[{"start":{"line":40,"column":12},"end":{"line":40,"column":31}},{"start":{"line":40,"column":35},"end":{"line":40,"column":46}}]},"3":{"loc":{"start":{"line":41,"column":21},"end":{"line":41,"column":50}},"type":"binary-expr","locations":[{"start":{"line":41,"column":21},"end":{"line":41,"column":40}},{"start":{"line":41,"column":44},"end":{"line":41,"column":50}}]},"4":{"loc":{"start":{"line":42,"column":12},"end":{"line":42,"column":49}},"type":"binary-expr","locations":[{"start":{"line":42,"column":12},"end":{"line":42,"column":35}},{"start":{"line":42,"column":39},"end":{"line":42,"column":49}}]},"5":{"loc":{"start":{"line":43,"column":16},"end":{"line":43,"column":53}},"type":"binary-expr","locations":[{"start":{"line":43,"column":16},"end":{"line":43,"column":39}},{"start":{"line":43,"column":43},"end":{"line":43,"column":53}}]},"6":{"loc":{"start":{"line":44,"column":14},"end":{"line":44,"column":53}},"type":"binary-expr","locations":[{"start":{"line":44,"column":14},"end":{"line":44,"column":37}},{"start":{"line":44,"column":41},"end":{"line":44,"column":53}}]}},"s":{"0":0,"1":0,"2":0},"f":{},"b":{"0":[0,0],"1":[0,0],"2":[0,0],"3":[0,0],"4":[0,0],"5":[0,0],"6":[0,0]}}
,"/Users/deepeshsaheb/Library/CloudStorage/OneDrive-TalenticaSoftware(I)Pvt.Ltd/Learning_LLM/AI Assignment 2/BookCritic-BE/src/config/security.config.ts": {"path":"/Users/deepeshsaheb/Library/CloudStorage/OneDrive-TalenticaSoftware(I)Pvt.Ltd/Learning_LLM/AI Assignment 2/BookCritic-BE/src/config/security.config.ts","statementMap":{"0":{"start":{"line":1,"column":0},"end":{"line":1,"column":33}},"1":{"start":{"line":3,"column":0},"end":{"line":3,"column":16}},"2":{"start":{"line":8,"column":13},"end":{"line":43,"column":2}}},"fnMap":{},"branchMap":{},"s":{"0":0,"1":0,"2":0},"f":{},"b":{}}
,"/Users/deepeshsaheb/Library/CloudStorage/OneDrive-TalenticaSoftware(I)Pvt.Ltd/Learning_LLM/AI Assignment 2/BookCritic-BE/src/database/data-source.ts": {"path":"/Users/deepeshsaheb/Library/CloudStorage/OneDrive-TalenticaSoftware(I)Pvt.Ltd/Learning_LLM/AI Assignment 2/BookCritic-BE/src/database/data-source.ts","statementMap":{"0":{"start":{"line":1,"column":0},"end":{"line":1,"column":56}},"1":{"start":{"line":2,"column":0},"end":{"line":2,"column":33}},"2":{"start":{"line":4,"column":0},"end":{"line":4,"column":16}},"3":{"start":{"line":10,"column":13},"end":{"line":23,"column":2}},"4":{"start":{"line":25,"column":19},"end":{"line":25,"column":52}},"5":{"start":{"line":26,"column":0},"end":{"line":26,"column":26}}},"fnMap":{},"branchMap":{"0":{"loc":{"start":{"line":12,"column":8},"end":{"line":12,"column":42}},"type":"binary-expr","locations":[{"start":{"line":12,"column":8},"end":{"line":12,"column":27}},{"start":{"line":12,"column":31},"end":{"line":12,"column":42}}]},"1":{"loc":{"start":{"line":13,"column":17},"end":{"line":13,"column":46}},"type":"binary-expr","locations":[{"start":{"line":13,"column":17},"end":{"line":13,"column":36}},{"start":{"line":13,"column":40},"end":{"line":13,"column":46}}]},"2":{"loc":{"start":{"line":14,"column":12},"end":{"line":14,"column":49}},"type":"binary-expr","locations":[{"start":{"line":14,"column":12},"end":{"line":14,"column":35}},{"start":{"line":14,"column":39},"end":{"line":14,"column":49}}]},"3":{"loc":{"start":{"line":15,"column":12},"end":{"line":15,"column":49}},"type":"binary-expr","locations":[{"start":{"line":15,"column":12},"end":{"line":15,"column":35}},{"start":{"line":15,"column":39},"end":{"line":15,"column":49}}]},"4":{"loc":{"start":{"line":16,"column":12},"end":{"line":16,"column":51}},"type":"binary-expr","locations":[{"start":{"line":16,"column":12},"end":{"line":16,"column":35}},{"start":{"line":16,"column":39},"end":{"line":16,"column":51}}]},"5":{"loc":{"start":{"line":17,"column":10},"end":{"line":17,"column":43}},"type":"binary-expr","locations":[{"start":{"line":17,"column":10},"end":{"line":17,"column":31}},{"start":{"line":17,"column":35},"end":{"line":17,"column":43}}]},"6":{"loc":{"start":{"line":22,"column":7},"end":{"line":22,"column":84}},"type":"cond-expr","locations":[{"start":{"line":22,"column":47},"end":{"line":22,"column":76}},{"start":{"line":22,"column":79},"end":{"line":22,"column":84}}]}},"s":{"0":0,"1":0,"2":0,"3":0,"4":0,"5":0},"f":{},"b":{"0":[0,0],"1":[0,0],"2":[0,0],"3":[0,0],"4":[0,0],"5":[0,0],"6":[0,0]}}
,"/Users/deepeshsaheb/Library/CloudStorage/OneDrive-TalenticaSoftware(I)Pvt.Ltd/Learning_LLM/AI Assignment 2/BookCritic-BE/src/database/database-security.service.ts": {"path":"/Users/deepeshsaheb/Library/CloudStorage/OneDrive-TalenticaSoftware(I)Pvt.Ltd/Learning_LLM/AI Assignment 2/BookCritic-BE/src/database/database-security.service.ts","statementMap":{"0":{"start":{"line":1,"column":0},"end":{"line":1,"column":52}},"1":{"start":{"line":2,"column":0},"end":{"line":2,"column":37}},"2":{"start":{"line":3,"column":0},"end":{"line":3,"column":59}},"3":{"start":{"line":9,"column":36},"end":{"line":78,"column":null}},"4":{"start":{"line":12,"column":31},"end":{"line":12,"column":43}},"5":{"start":{"line":10,"column":19},"end":{"line":10,"column":69}},"6":{"start":{"line":13,"column":4},"end":{"line":13,"column":37}},"7":{"start":{"line":20,"column":4},"end":{"line":41,"column":5}},"8":{"start":{"line":22,"column":6},"end":{"line":24,"column":8}},"9":{"start":{"line":27,"column":6},"end":{"line":29,"column":8}},"10":{"start":{"line":32,"column":6},"end":{"line":35,"column":7}},"11":{"start":{"line":33,"column":8},"end":{"line":33,"column":82}},"12":{"start":{"line":37,"column":6},"end":{"line":37,"column":76}},"13":{"start":{"line":39,"column":6},"end":{"line":39,"column":92}},"14":{"start":{"line":40,"column":6},"end":{"line":40,"column":18}},"15":{"start":{"line":49,"column":4},"end":{"line":76,"column":5}},"16":{"start":{"line":51,"column":6},"end":{"line":63,"column":9}},"17":{"start":{"line":66,"column":6},"end":{"line":70,"column":9}},"18":{"start":{"line":72,"column":6},"end":{"line":72,"column":76}},"19":{"start":{"line":74,"column":6},"end":{"line":74,"column":77}},"20":{"start":{"line":75,"column":6},"end":{"line":75,"column":18}},"21":{"start":{"line":9,"column":13},"end":{"line":9,"column":36}},"22":{"start":{"line":9,"column":13},"end":{"line":78,"column":null}}},"fnMap":{"0":{"name":"(anonymous_2)","decl":{"start":{"line":12,"column":2},"end":{"line":12,"column":31}},"loc":{"start":{"line":12,"column":53},"end":{"line":14,"column":3}}},"1":{"name":"(anonymous_3)","decl":{"start":{"line":19,"column":10},"end":{"line":19,"column":15}},"loc":{"start":{"line":19,"column":41},"end":{"line":42,"column":3}}},"2":{"name":"(anonymous_4)","decl":{"start":{"line":48,"column":2},"end":{"line":48,"column":7}},"loc":{"start":{"line":48,"column":26},"end":{"line":77,"column":3}}}},"branchMap":{"0":{"loc":{"start":{"line":32,"column":6},"end":{"line":35,"column":7}},"type":"if","locations":[{"start":{"line":32,"column":6},"end":{"line":35,"column":7}}]}},"s":{"0":0,"1":0,"2":0,"3":0,"4":0,"5":0,"6":0,"7":0,"8":0,"9":0,"10":0,"11":0,"12":0,"13":0,"14":0,"15":0,"16":0,"17":0,"18":0,"19":0,"20":0,"21":0,"22":0},"f":{"0":0,"1":0,"2":0},"b":{"0":[0]}}
,"/Users/deepeshsaheb/Library/CloudStorage/OneDrive-TalenticaSoftware(I)Pvt.Ltd/Learning_LLM/AI Assignment 2/BookCritic-BE/src/database/pgbouncer.service.ts": {"path":"/Users/deepeshsaheb/Library/CloudStorage/OneDrive-TalenticaSoftware(I)Pvt.Ltd/Learning_LLM/AI Assignment 2/BookCritic-BE/src/database/pgbouncer.service.ts","statementMap":{"0":{"start":{"line":1,"column":0},"end":{"line":1,"column":66}},"1":{"start":{"line":2,"column":0},"end":{"line":2,"column":37}},"2":{"start":{"line":3,"column":0},"end":{"line":3,"column":61}},"3":{"start":{"line":9,"column":29},"end":{"line":68,"column":null}},"4":{"start":{"line":12,"column":31},"end":{"line":12,"column":43}},"5":{"start":{"line":10,"column":19},"end":{"line":10,"column":62}},"6":{"start":{"line":18,"column":4},"end":{"line":24,"column":5}},"7":{"start":{"line":20,"column":6},"end":{"line":20,"column":46}},"8":{"start":{"line":21,"column":6},"end":{"line":21,"column":78}},"9":{"start":{"line":23,"column":6},"end":{"line":23,"column":94}},"10":{"start":{"line":31,"column":4},"end":{"line":44,"column":5}},"11":{"start":{"line":33,"column":6},"end":{"line":33,"column":108}},"12":{"start":{"line":36,"column":6},"end":{"line":36,"column":123}},"13":{"start":{"line":39,"column":6},"end":{"line":39,"column":93}},"14":{"start":{"line":40,"column":6},"end":{"line":40,"column":65}},"15":{"start":{"line":42,"column":6},"end":{"line":42,"column":83}},"16":{"start":{"line":43,"column":6},"end":{"line":43,"column":18}},"17":{"start":{"line":51,"column":4},"end":{"line":66,"column":5}},"18":{"start":{"line":54,"column":20},"end":{"line":60,"column":8}},"19":{"start":{"line":62,"column":6},"end":{"line":62,"column":22}},"20":{"start":{"line":64,"column":6},"end":{"line":64,"column":70}},"21":{"start":{"line":65,"column":6},"end":{"line":65,"column":18}},"22":{"start":{"line":9,"column":13},"end":{"line":9,"column":29}},"23":{"start":{"line":9,"column":13},"end":{"line":68,"column":null}}},"fnMap":{"0":{"name":"(anonymous_2)","decl":{"start":{"line":12,"column":2},"end":{"line":12,"column":31}},"loc":{"start":{"line":12,"column":53},"end":{"line":12,"column":57}}},"1":{"name":"(anonymous_3)","decl":{"start":{"line":17,"column":2},"end":{"line":17,"column":7}},"loc":{"start":{"line":17,"column":20},"end":{"line":25,"column":3}}},"2":{"name":"(anonymous_4)","decl":{"start":{"line":30,"column":10},"end":{"line":30,"column":15}},"loc":{"start":{"line":30,"column":42},"end":{"line":45,"column":3}}},"3":{"name":"(anonymous_5)","decl":{"start":{"line":50,"column":2},"end":{"line":50,"column":7}},"loc":{"start":{"line":50,"column":20},"end":{"line":67,"column":3}}}},"branchMap":{},"s":{"0":0,"1":0,"2":0,"3":0,"4":0,"5":0,"6":0,"7":0,"8":0,"9":0,"10":0,"11":0,"12":0,"13":0,"14":0,"15":0,"16":0,"17":0,"18":0,"19":0,"20":0,"21":0,"22":0,"23":0},"f":{"0":0,"1":0,"2":0,"3":0},"b":{}}
,"/Users/deepeshsaheb/Library/CloudStorage/OneDrive-TalenticaSoftware(I)Pvt.Ltd/Learning_LLM/AI Assignment 2/BookCritic-BE/src/database/entities/index.ts": {"path":"/Users/deepeshsaheb/Library/CloudStorage/OneDrive-TalenticaSoftware(I)Pvt.Ltd/Learning_LLM/AI Assignment 2/BookCritic-BE/src/database/entities/index.ts","statementMap":{"0":{"start":{"line":1,"column":0},"end":{"line":1,"column":30}},"1":{"start":{"line":2,"column":0},"end":{"line":2,"column":30}},"2":{"start":{"line":3,"column":0},"end":{"line":3,"column":30}},"3":{"start":{"line":4,"column":0},"end":{"line":4,"column":31}},"4":{"start":{"line":5,"column":0},"end":{"line":5,"column":32}}},"fnMap":{},"branchMap":{},"s":{"0":0,"1":0,"2":0,"3":0,"4":0},"f":{},"b":{}}
,"/Users/deepeshsaheb/Library/CloudStorage/OneDrive-TalenticaSoftware(I)Pvt.Ltd/Learning_LLM/AI Assignment 2/BookCritic-BE/src/database/migrations/1661234567889-DatabaseExtensions.ts": {"path":"/Users/deepeshsaheb/Library/CloudStorage/OneDrive-TalenticaSoftware(I)Pvt.Ltd/Learning_LLM/AI Assignment 2/BookCritic-BE/src/database/migrations/1661234567889-DatabaseExtensions.ts","statementMap":{"0":{"start":{"line":7,"column":2},"end":{"line":7,"column":43}},"1":{"start":{"line":11,"column":4},"end":{"line":11,"column":74}},"2":{"start":{"line":14,"column":4},"end":{"line":14,"column":72}},"3":{"start":{"line":19,"column":4},"end":{"line":19,"column":66}},"4":{"start":{"line":20,"column":4},"end":{"line":20,"column":68}},"5":{"start":{"line":6,"column":0},"end":{"line":6,"column":13}}},"fnMap":{"0":{"name":"(anonymous_0)","decl":{"start":{"line":6,"column":0},"end":{"line":6,"column":13}},"loc":{"start":{"line":6,"column":0},"end":{"line":22,"column":1}}},"1":{"name":"(anonymous_1)","decl":{"start":{"line":9,"column":9},"end":{"line":9,"column":14}},"loc":{"start":{"line":9,"column":42},"end":{"line":15,"column":3}}},"2":{"name":"(anonymous_2)","decl":{"start":{"line":17,"column":9},"end":{"line":17,"column":14}},"loc":{"start":{"line":17,"column":44},"end":{"line":21,"column":3}}}},"branchMap":{},"s":{"0":0,"1":0,"2":0,"3":0,"4":0,"5":0},"f":{"0":0,"1":0,"2":0},"b":{}}
,"/Users/deepeshsaheb/Library/CloudStorage/OneDrive-TalenticaSoftware(I)Pvt.Ltd/Learning_LLM/AI Assignment 2/BookCritic-BE/src/database/migrations/1661234567890-InitialMigration.ts": {"path":"/Users/deepeshsaheb/Library/CloudStorage/OneDrive-TalenticaSoftware(I)Pvt.Ltd/Learning_LLM/AI Assignment 2/BookCritic-BE/src/database/migrations/1661234567890-InitialMigration.ts","statementMap":{"0":{"start":{"line":7,"column":2},"end":{"line":7,"column":41}},"1":{"start":{"line":11,"column":4},"end":{"line":23,"column":7}},"2":{"start":{"line":26,"column":4},"end":{"line":36,"column":7}},"3":{"start":{"line":39,"column":4},"end":{"line":53,"column":7}},"4":{"start":{"line":56,"column":4},"end":{"line":67,"column":7}},"5":{"start":{"line":70,"column":4},"end":{"line":76,"column":7}},"6":{"start":{"line":79,"column":4},"end":{"line":82,"column":7}},"7":{"start":{"line":84,"column":4},"end":{"line":87,"column":7}},"8":{"start":{"line":89,"column":4},"end":{"line":92,"column":7}},"9":{"start":{"line":94,"column":4},"end":{"line":97,"column":7}},"10":{"start":{"line":100,"column":4},"end":{"line":100,"column":83}},"11":{"start":{"line":101,"column":4},"end":{"line":101,"column":85}},"12":{"start":{"line":102,"column":4},"end":{"line":102,"column":89}},"13":{"start":{"line":107,"column":4},"end":{"line":107,"column":97}},"14":{"start":{"line":108,"column":4},"end":{"line":108,"column":96}},"15":{"start":{"line":109,"column":4},"end":{"line":109,"column":88}},"16":{"start":{"line":110,"column":4},"end":{"line":110,"column":88}},"17":{"start":{"line":113,"column":4},"end":{"line":113,"column":63}},"18":{"start":{"line":114,"column":4},"end":{"line":114,"column":61}},"19":{"start":{"line":115,"column":4},"end":{"line":115,"column":60}},"20":{"start":{"line":118,"column":4},"end":{"line":118,"column":56}},"21":{"start":{"line":119,"column":4},"end":{"line":119,"column":52}},"22":{"start":{"line":120,"column":4},"end":{"line":120,"column":50}},"23":{"start":{"line":121,"column":4},"end":{"line":121,"column":51}},"24":{"start":{"line":122,"column":4},"end":{"line":122,"column":50}},"25":{"start":{"line":6,"column":0},"end":{"line":6,"column":13}}},"fnMap":{"0":{"name":"(anonymous_0)","decl":{"start":{"line":6,"column":0},"end":{"line":6,"column":13}},"loc":{"start":{"line":6,"column":0},"end":{"line":124,"column":1}}},"1":{"name":"(anonymous_1)","decl":{"start":{"line":9,"column":9},"end":{"line":9,"column":14}},"loc":{"start":{"line":9,"column":42},"end":{"line":103,"column":3}}},"2":{"name":"(anonymous_2)","decl":{"start":{"line":105,"column":9},"end":{"line":105,"column":14}},"loc":{"start":{"line":105,"column":44},"end":{"line":123,"column":3}}}},"branchMap":{},"s":{"0":0,"1":0,"2":0,"3":0,"4":0,"5":0,"6":0,"7":0,"8":0,"9":0,"10":0,"11":0,"12":0,"13":0,"14":0,"15":0,"16":0,"17":0,"18":0,"19":0,"20":0,"21":0,"22":0,"23":0,"24":0,"25":0},"f":{"0":0,"1":0,"2":0},"b":{}}
,"/Users/deepeshsaheb/Library/CloudStorage/OneDrive-TalenticaSoftware(I)Pvt.Ltd/Learning_LLM/AI Assignment 2/BookCritic-BE/src/genres/genres.controller.ts": {"path":"/Users/deepeshsaheb/Library/CloudStorage/OneDrive-TalenticaSoftware(I)Pvt.Ltd/Learning_LLM/AI Assignment 2/BookCritic-BE/src/genres/genres.controller.ts","statementMap":{"0":{"start":{"line":1,"column":0},"end":{"line":1,"column":null}},"1":{"start":{"line":13,"column":0},"end":{"line":13,"column":null}},"2":{"start":{"line":20,"column":0},"end":{"line":20,"column":49}},"3":{"start":{"line":21,"column":0},"end":{"line":21,"column":56}},"4":{"start":{"line":22,"column":0},"end":{"line":22,"column":56}},"5":{"start":{"line":23,"column":0},"end":{"line":23,"column":48}},"6":{"start":{"line":24,"column":0},"end":{"line":24,"column":61}},"7":{"start":{"line":25,"column":0},"end":{"line":25,"column":56}},"8":{"start":{"line":26,"column":0},"end":{"line":26,"column":59}},"9":{"start":{"line":33,"column":7},"end":{"line":144,"column":null}},"10":{"start":{"line":34,"column":31},"end":{"line":34,"column":46}},"11":{"start":{"line":53,"column":4},"end":{"line":53,"column":53}},"12":{"start":{"line":67,"column":4},"end":{"line":67,"column":40}},"13":{"start":{"line":83,"column":4},"end":{"line":83,"column":42}},"14":{"start":{"line":108,"column":4},"end":{"line":108,"column":57}},"15":{"start":{"line":126,"column":4},"end":{"line":126,"column":41}},"16":{"start":{"line":142,"column":4},"end":{"line":142,"column":51}},"17":{"start":{"line":33,"column":13},"end":{"line":33,"column":29}},"18":{"start":{"line":52,"column":8},"end":{"line":54,"column":null}},"19":{"start":{"line":66,"column":8},"end":{"line":68,"column":null}},"20":{"start":{"line":82,"column":8},"end":{"line":84,"column":null}},"21":{"start":{"line":104,"column":8},"end":{"line":109,"column":null}},"22":{"start":{"line":125,"column":8},"end":{"line":127,"column":null}},"23":{"start":{"line":141,"column":8},"end":{"line":143,"column":null}},"24":{"start":{"line":33,"column":13},"end":{"line":144,"column":null}}},"fnMap":{"0":{"name":"(anonymous_4)","decl":{"start":{"line":34,"column":2},"end":{"line":34,"column":31}},"loc":{"start":{"line":34,"column":59},"end":{"line":34,"column":63}}},"1":{"name":"(anonymous_5)","decl":{"start":{"line":52,"column":2},"end":{"line":52,"column":7}},"loc":{"start":{"line":52,"column":53},"end":{"line":54,"column":3}}},"2":{"name":"(anonymous_6)","decl":{"start":{"line":66,"column":2},"end":{"line":66,"column":7}},"loc":{"start":{"line":66,"column":15},"end":{"line":68,"column":3}}},"3":{"name":"(anonymous_7)","decl":{"start":{"line":82,"column":2},"end":{"line":82,"column":7}},"loc":{"start":{"line":82,"column":39},"end":{"line":84,"column":3}}},"4":{"name":"(anonymous_8)","decl":{"start":{"line":104,"column":2},"end":{"line":104,"column":7}},"loc":{"start":{"line":106,"column":42},"end":{"line":109,"column":3}}},"5":{"name":"(anonymous_9)","decl":{"start":{"line":125,"column":2},"end":{"line":125,"column":7}},"loc":{"start":{"line":125,"column":38},"end":{"line":127,"column":3}}},"6":{"name":"(anonymous_10)","decl":{"start":{"line":141,"column":2},"end":{"line":141,"column":7}},"loc":{"start":{"line":141,"column":48},"end":{"line":143,"column":3}}}},"branchMap":{},"s":{"0":0,"1":0,"2":0,"3":0,"4":0,"5":0,"6":0,"7":0,"8":0,"9":0,"10":0,"11":0,"12":0,"13":0,"14":0,"15":0,"16":0,"17":0,"18":0,"19":0,"20":0,"21":0,"22":0,"23":0,"24":0},"f":{"0":0,"1":0,"2":0,"3":0,"4":0,"5":0,"6":0},"b":{}}
,"/Users/deepeshsaheb/Library/CloudStorage/OneDrive-TalenticaSoftware(I)Pvt.Ltd/Learning_LLM/AI Assignment 2/BookCritic-BE/src/genres/genres.service.ts": {"path":"/Users/deepeshsaheb/Library/CloudStorage/OneDrive-TalenticaSoftware(I)Pvt.Ltd/Learning_LLM/AI Assignment 2/BookCritic-BE/src/genres/genres.service.ts","statementMap":{"0":{"start":{"line":1,"column":0},"end":{"line":1,"column":71}},"1":{"start":{"line":2,"column":0},"end":{"line":2,"column":51}},"2":{"start":{"line":3,"column":0},"end":{"line":3,"column":37}},"3":{"start":{"line":4,"column":0},"end":{"line":4,"column":48}},"4":{"start":{"line":12,"column":26},"end":{"line":129,"column":null}},"5":{"start":{"line":17,"column":21},"end":{"line":17,"column":39}},"6":{"start":{"line":13,"column":19},"end":{"line":13,"column":59}},"7":{"start":{"line":26,"column":4},"end":{"line":26,"column":66}},"8":{"start":{"line":28,"column":18},"end":{"line":28,"column":62}},"9":{"start":{"line":29,"column":4},"end":{"line":29,"column":45}},"10":{"start":{"line":37,"column":4},"end":{"line":37,"column":42}},"11":{"start":{"line":39,"column":4},"end":{"line":41,"column":7}},"12":{"start":{"line":51,"column":4},"end":{"line":51,"column":52}},"13":{"start":{"line":53,"column":18},"end":{"line":56,"column":6}},"14":{"start":{"line":58,"column":4},"end":{"line":61,"column":5}},"15":{"start":{"line":59,"column":6},"end":{"line":59,"column":56}},"16":{"start":{"line":60,"column":6},"end":{"line":60,"column":67}},"17":{"start":{"line":63,"column":4},"end":{"line":63,"column":17}},"18":{"start":{"line":74,"column":4},"end":{"line":74,"column":53}},"19":{"start":{"line":76,"column":18},"end":{"line":76,"column":40}},"20":{"start":{"line":78,"column":4},"end":{"line":78,"column":41}},"21":{"start":{"line":80,"column":4},"end":{"line":80,"column":45}},"22":{"start":{"line":90,"column":4},"end":{"line":90,"column":53}},"23":{"start":{"line":92,"column":18},"end":{"line":92,"column":40}},"24":{"start":{"line":94,"column":4},"end":{"line":94,"column":46}},"25":{"start":{"line":104,"column":4},"end":{"line":104,"column":61}},"26":{"start":{"line":106,"column":18},"end":{"line":109,"column":6}},"27":{"start":{"line":111,"column":4},"end":{"line":114,"column":5}},"28":{"start":{"line":112,"column":6},"end":{"line":112,"column":56}},"29":{"start":{"line":113,"column":6},"end":{"line":113,"column":67}},"30":{"start":{"line":116,"column":4},"end":{"line":116,"column":17}},"31":{"start":{"line":125,"column":4},"end":{"line":125,"column":66}},"32":{"start":{"line":127,"column":4},"end":{"line":127,"column":48}},"33":{"start":{"line":12,"column":13},"end":{"line":12,"column":26}},"34":{"start":{"line":12,"column":13},"end":{"line":129,"column":null}}},"fnMap":{"0":{"name":"(anonymous_4)","decl":{"start":{"line":15,"column":2},"end":{"line":15,"column":null}},"loc":{"start":{"line":17,"column":56},"end":{"line":18,"column":6}}},"1":{"name":"(anonymous_5)","decl":{"start":{"line":25,"column":2},"end":{"line":25,"column":7}},"loc":{"start":{"line":25,"column":45},"end":{"line":30,"column":3}}},"2":{"name":"(anonymous_6)","decl":{"start":{"line":36,"column":2},"end":{"line":36,"column":7}},"loc":{"start":{"line":36,"column":15},"end":{"line":42,"column":3}}},"3":{"name":"(anonymous_7)","decl":{"start":{"line":50,"column":2},"end":{"line":50,"column":7}},"loc":{"start":{"line":50,"column":26},"end":{"line":64,"column":3}}},"4":{"name":"(anonymous_8)","decl":{"start":{"line":73,"column":2},"end":{"line":73,"column":7}},"loc":{"start":{"line":73,"column":57},"end":{"line":81,"column":3}}},"5":{"name":"(anonymous_9)","decl":{"start":{"line":89,"column":2},"end":{"line":89,"column":7}},"loc":{"start":{"line":89,"column":25},"end":{"line":95,"column":3}}},"6":{"name":"(anonymous_10)","decl":{"start":{"line":103,"column":2},"end":{"line":103,"column":7}},"loc":{"start":{"line":103,"column":35},"end":{"line":117,"column":3}}},"7":{"name":"(anonymous_11)","decl":{"start":{"line":124,"column":2},"end":{"line":124,"column":7}},"loc":{"start":{"line":124,"column":31},"end":{"line":128,"column":3}}}},"branchMap":{"0":{"loc":{"start":{"line":58,"column":4},"end":{"line":61,"column":5}},"type":"if","locations":[{"start":{"line":58,"column":4},"end":{"line":61,"column":5}}]},"1":{"loc":{"start":{"line":111,"column":4},"end":{"line":114,"column":5}},"type":"if","locations":[{"start":{"line":111,"column":4},"end":{"line":114,"column":5}}]}},"s":{"0":0,"1":0,"2":0,"3":0,"4":0,"5":0,"6":0,"7":0,"8":0,"9":0,"10":0,"11":0,"12":0,"13":0,"14":0,"15":0,"16":0,"17":0,"18":0,"19":0,"20":0,"21":0,"22":0,"23":0,"24":0,"25":0,"26":0,"27":0,"28":0,"29":0,"30":0,"31":0,"32":0,"33":0,"34":0},"f":{"0":0,"1":0,"2":0,"3":0,"4":0,"5":0,"6":0,"7":0},"b":{"0":[0],"1":[0]}}
,"/Users/deepeshsaheb/Library/CloudStorage/OneDrive-TalenticaSoftware(I)Pvt.Ltd/Learning_LLM/AI Assignment 2/BookCritic-BE/src/recommendations/recommendations.controller.ts": {"path":"/Users/deepeshsaheb/Library/CloudStorage/OneDrive-TalenticaSoftware(I)Pvt.Ltd/Learning_LLM/AI Assignment 2/BookCritic-BE/src/recommendations/recommendations.controller.ts","statementMap":{"0":{"start":{"line":1,"column":0},"end":{"line":1,"column":null}},"1":{"start":{"line":11,"column":0},"end":{"line":11,"column":null}},"2":{"start":{"line":19,"column":0},"end":{"line":19,"column":67}},"3":{"start":{"line":20,"column":0},"end":{"line":20,"column":61}},"4":{"start":{"line":21,"column":0},"end":{"line":21,"column":53}},"5":{"start":{"line":28,"column":7},"end":{"line":101,"column":null}},"6":{"start":{"line":29,"column":31},"end":{"line":29,"column":55}},"7":{"start":{"line":53,"column":4},"end":{"line":53,"column":85}},"8":{"start":{"line":75,"column":4},"end":{"line":75,"column":62}},"9":{"start":{"line":99,"column":4},"end":{"line":99,"column":70}},"10":{"start":{"line":28,"column":13},"end":{"line":28,"column":38}},"11":{"start":{"line":49,"column":8},"end":{"line":54,"column":null}},"12":{"start":{"line":72,"column":8},"end":{"line":76,"column":null}},"13":{"start":{"line":95,"column":8},"end":{"line":100,"column":null}},"14":{"start":{"line":28,"column":13},"end":{"line":101,"column":null}}},"fnMap":{"0":{"name":"(anonymous_4)","decl":{"start":{"line":29,"column":2},"end":{"line":29,"column":31}},"loc":{"start":{"line":29,"column":77},"end":{"line":29,"column":81}}},"1":{"name":"(anonymous_5)","decl":{"start":{"line":49,"column":2},"end":{"line":49,"column":7}},"loc":{"start":{"line":51,"column":73},"end":{"line":54,"column":3}}},"2":{"name":"(anonymous_6)","decl":{"start":{"line":72,"column":2},"end":{"line":72,"column":7}},"loc":{"start":{"line":73,"column":73},"end":{"line":76,"column":3}}},"3":{"name":"(anonymous_7)","decl":{"start":{"line":95,"column":2},"end":{"line":95,"column":7}},"loc":{"start":{"line":97,"column":72},"end":{"line":100,"column":3}}}},"branchMap":{},"s":{"0":0,"1":0,"2":0,"3":0,"4":0,"5":0,"6":0,"7":0,"8":0,"9":0,"10":0,"11":0,"12":0,"13":0,"14":0},"f":{"0":0,"1":0,"2":0,"3":0},"b":{}}
,"/Users/deepeshsaheb/Library/CloudStorage/OneDrive-TalenticaSoftware(I)Pvt.Ltd/Learning_LLM/AI Assignment 2/BookCritic-BE/src/recommendations/recommendations.service.ts": {"path":"/Users/deepeshsaheb/Library/CloudStorage/OneDrive-TalenticaSoftware(I)Pvt.Ltd/Learning_LLM/AI Assignment 2/BookCritic-BE/src/recommendations/recommendations.service.ts","statementMap":{"0":{"start":{"line":1,"column":0},"end":{"line":1,"column":52}},"1":{"start":{"line":2,"column":0},"end":{"line":2,"column":51}},"2":{"start":{"line":3,"column":0},"end":{"line":3,"column":37}},"3":{"start":{"line":4,"column":0},"end":{"line":4,"column":53}},"4":{"start":{"line":5,"column":0},"end":{"line":5,"column":59}},"5":{"start":{"line":6,"column":0},"end":{"line":6,"column":53}},"6":{"start":{"line":13,"column":35},"end":{"line":173,"column":null}},"7":{"start":{"line":18,"column":21},"end":{"line":18,"column":38}},"8":{"start":{"line":20,"column":21},"end":{"line":20,"column":40}},"9":{"start":{"line":22,"column":21},"end":{"line":22,"column":38}},"10":{"start":{"line":14,"column":19},"end":{"line":14,"column":68}},"11":{"start":{"line":32,"column":4},"end":{"line":32,"column":66}},"12":{"start":{"line":35,"column":24},"end":{"line":38,"column":6}},"13":{"start":{"line":40,"column":4},"end":{"line":43,"column":5}},"14":{"start":{"line":41,"column":6},"end":{"line":41,"column":80}},"15":{"start":{"line":42,"column":6},"end":{"line":42,"column":41}},"16":{"start":{"line":46,"column":30},"end":{"line":46,"column":70}},"17":{"start":{"line":49,"column":28},"end":{"line":49,"column":68}},"18":{"start":{"line":49,"column":54},"end":{"line":49,"column":67}},"19":{"start":{"line":52,"column":29},"end":{"line":61,"column":16}},"20":{"start":{"line":64,"column":4},"end":{"line":67,"column":5}},"21":{"start":{"line":65,"column":30},"end":{"line":65,"column":106}},"22":{"start":{"line":66,"column":6},"end":{"line":66,"column":48}},"23":{"start":{"line":69,"column":4},"end":{"line":69,"column":28}},"24":{"start":{"line":79,"column":4},"end":{"line":79,"column":45}},"25":{"start":{"line":81,"column":18},"end":{"line":105,"column":18}},"26":{"start":{"line":107,"column":4},"end":{"line":109,"column":5}},"27":{"start":{"line":108,"column":6},"end":{"line":108,"column":80}},"28":{"start":{"line":111,"column":4},"end":{"line":111,"column":27}},"29":{"start":{"line":121,"column":4},"end":{"line":121,"column":64}},"30":{"start":{"line":124,"column":17},"end":{"line":127,"column":6}},"31":{"start":{"line":129,"column":4},"end":{"line":132,"column":5}},"32":{"start":{"line":130,"column":6},"end":{"line":130,"column":51}},"33":{"start":{"line":131,"column":6},"end":{"line":131,"column":16}},"34":{"start":{"line":134,"column":21},"end":{"line":134,"column":58}},"35":{"start":{"line":134,"column":47},"end":{"line":134,"column":57}},"36":{"start":{"line":137,"column":25},"end":{"line":146,"column":16}},"37":{"start":{"line":148,"column":4},"end":{"line":148,"column":24}},"38":{"start":{"line":158,"column":31},"end":{"line":158,"column":75}},"39":{"start":{"line":158,"column":56},"end":{"line":158,"column":74}},"40":{"start":{"line":161,"column":21},"end":{"line":161,"column":38}},"41":{"start":{"line":163,"column":4},"end":{"line":169,"column":7}},"42":{"start":{"line":164,"column":6},"end":{"line":168,"column":7}},"43":{"start":{"line":165,"column":8},"end":{"line":167,"column":11}},"44":{"start":{"line":166,"column":10},"end":{"line":166,"column":42}},"45":{"start":{"line":171,"column":4},"end":{"line":171,"column":32}},"46":{"start":{"line":13,"column":13},"end":{"line":13,"column":35}},"47":{"start":{"line":13,"column":13},"end":{"line":173,"column":null}}},"fnMap":{"0":{"name":"(anonymous_4)","decl":{"start":{"line":16,"column":2},"end":{"line":16,"column":null}},"loc":{"start":{"line":22,"column":54},"end":{"line":23,"column":6}}},"1":{"name":"(anonymous_5)","decl":{"start":{"line":31,"column":2},"end":{"line":31,"column":7}},"loc":{"start":{"line":31,"column":60},"end":{"line":70,"column":3}}},"2":{"name":"(anonymous_6)","decl":{"start":{"line":49,"column":44},"end":{"line":49,"column":50}},"loc":{"start":{"line":49,"column":54},"end":{"line":49,"column":67}}},"3":{"name":"(anonymous_7)","decl":{"start":{"line":78,"column":2},"end":{"line":78,"column":7}},"loc":{"start":{"line":78,"column":65},"end":{"line":112,"column":3}}},"4":{"name":"(anonymous_8)","decl":{"start":{"line":120,"column":2},"end":{"line":120,"column":7}},"loc":{"start":{"line":120,"column":49},"end":{"line":149,"column":3}}},"5":{"name":"(anonymous_9)","decl":{"start":{"line":134,"column":41},"end":{"line":134,"column":43}},"loc":{"start":{"line":134,"column":47},"end":{"line":134,"column":57}}},"6":{"name":"(anonymous_10)","decl":{"start":{"line":156,"column":10},"end":{"line":156,"column":32}},"loc":{"start":{"line":156,"column":50},"end":{"line":172,"column":3}}},"7":{"name":"(anonymous_11)","decl":{"start":{"line":158,"column":46},"end":{"line":158,"column":52}},"loc":{"start":{"line":158,"column":56},"end":{"line":158,"column":74}}},"8":{"name":"(anonymous_12)","decl":{"start":{"line":163,"column":31},"end":{"line":163,"column":37}},"loc":{"start":{"line":163,"column":40},"end":{"line":169,"column":5}}},"9":{"name":"(anonymous_13)","decl":{"start":{"line":165,"column":39},"end":{"line":165,"column":48}},"loc":{"start":{"line":165,"column":51},"end":{"line":167,"column":9}}}},"branchMap":{"0":{"loc":{"start":{"line":31,"column":50},"end":{"line":31,"column":60}},"type":"default-arg","locations":[{"start":{"line":31,"column":58},"end":{"line":31,"column":60}}]},"1":{"loc":{"start":{"line":40,"column":4},"end":{"line":43,"column":5}},"type":"if","locations":[{"start":{"line":40,"column":4},"end":{"line":43,"column":5}}]},"2":{"loc":{"start":{"line":64,"column":4},"end":{"line":67,"column":5}},"type":"if","locations":[{"start":{"line":64,"column":4},"end":{"line":67,"column":5}}]},"3":{"loc":{"start":{"line":78,"column":24},"end":{"line":78,"column":34}},"type":"default-arg","locations":[{"start":{"line":78,"column":32},"end":{"line":78,"column":34}}]},"4":{"loc":{"start":{"line":78,"column":36},"end":{"line":78,"column":65}},"type":"default-arg","locations":[{"start":{"line":78,"column":63},"end":{"line":78,"column":65}}]},"5":{"loc":{"start":{"line":107,"column":4},"end":{"line":109,"column":5}},"type":"if","locations":[{"start":{"line":107,"column":4},"end":{"line":109,"column":5}}]},"6":{"loc":{"start":{"line":120,"column":40},"end":{"line":120,"column":49}},"type":"default-arg","locations":[{"start":{"line":120,"column":48},"end":{"line":120,"column":49}}]},"7":{"loc":{"start":{"line":129,"column":4},"end":{"line":132,"column":5}},"type":"if","locations":[{"start":{"line":129,"column":4},"end":{"line":132,"column":5}}]},"8":{"loc":{"start":{"line":164,"column":6},"end":{"line":168,"column":7}},"type":"if","locations":[{"start":{"line":164,"column":6},"end":{"line":168,"column":7}}]},"9":{"loc":{"start":{"line":164,"column":10},"end":{"line":164,"column":47}},"type":"binary-expr","locations":[{"start":{"line":164,"column":10},"end":{"line":164,"column":21}},{"start":{"line":164,"column":25},"end":{"line":164,"column":47}}]}},"s":{"0":0,"1":0,"2":0,"3":0,"4":0,"5":0,"6":0,"7":0,"8":0,"9":0,"10":0,"11":0,"12":0,"13":0,"14":0,"15":0,"16":0,"17":0,"18":0,"19":0,"20":0,"21":0,"22":0,"23":0,"24":0,"25":0,"26":0,"27":0,"28":0,"29":0,"30":0,"31":0,"32":0,"33":0,"34":0,"35":0,"36":0,"37":0,"38":0,"39":0,"40":0,"41":0,"42":0,"43":0,"44":0,"45":0,"46":0,"47":0},"f":{"0":0,"1":0,"2":0,"3":0,"4":0,"5":0,"6":0,"7":0,"8":0,"9":0},"b":{"0":[0],"1":[0],"2":[0],"3":[0],"4":[0],"5":[0],"6":[0],"7":[0],"8":[0],"9":[0,0]}}
,"/Users/deepeshsaheb/Library/CloudStorage/OneDrive-TalenticaSoftware(I)Pvt.Ltd/Learning_LLM/AI Assignment 2/BookCritic-BE/src/reviews/reviews.controller.ts": {"path":"/Users/deepeshsaheb/Library/CloudStorage/OneDrive-TalenticaSoftware(I)Pvt.Ltd/Learning_LLM/AI Assignment 2/BookCritic-BE/src/reviews/reviews.controller.ts","statementMap":{"0":{"start":{"line":1,"column":0},"end":{"line":1,"column":null}},"1":{"start":{"line":17,"column":0},"end":{"line":17,"column":null}},"2":{"start":{"line":25,"column":0},"end":{"line":25,"column":51}},"3":{"start":{"line":26,"column":0},"end":{"line":26,"column":58}},"4":{"start":{"line":27,"column":0},"end":{"line":27,"column":58}},"5":{"start":{"line":28,"column":0},"end":{"line":28,"column":50}},"6":{"start":{"line":29,"column":0},"end":{"line":29,"column":61}},"7":{"start":{"line":36,"column":7},"end":{"line":238,"column":null}},"8":{"start":{"line":37,"column":31},"end":{"line":37,"column":47}},"9":{"start":{"line":58,"column":4},"end":{"line":58,"column":68}},"10":{"start":{"line":88,"column":4},"end":{"line":88,"column":51}},"11":{"start":{"line":120,"column":4},"end":{"line":120,"column":64}},"12":{"start":{"line":152,"column":4},"end":{"line":152,"column":64}},"13":{"start":{"line":168,"column":4},"end":{"line":168,"column":43}},"14":{"start":{"line":193,"column":4},"end":{"line":193,"column":72}},"15":{"start":{"line":213,"column":4},"end":{"line":213,"column":55}},"16":{"start":{"line":235,"column":26},"end":{"line":235,"column":76}},"17":{"start":{"line":236,"column":4},"end":{"line":236,"column":29}},"18":{"start":{"line":36,"column":13},"end":{"line":36,"column":30}},"19":{"start":{"line":54,"column":8},"end":{"line":59,"column":null}},"20":{"start":{"line":84,"column":8},"end":{"line":89,"column":null}},"21":{"start":{"line":115,"column":8},"end":{"line":121,"column":null}},"22":{"start":{"line":147,"column":8},"end":{"line":153,"column":null}},"23":{"start":{"line":167,"column":8},"end":{"line":169,"column":null}},"24":{"start":{"line":188,"column":8},"end":{"line":194,"column":null}},"25":{"start":{"line":209,"column":8},"end":{"line":214,"column":null}},"26":{"start":{"line":234,"column":8},"end":{"line":237,"column":null}},"27":{"start":{"line":36,"column":13},"end":{"line":238,"column":null}}},"fnMap":{"0":{"name":"(anonymous_4)","decl":{"start":{"line":37,"column":2},"end":{"line":37,"column":31}},"loc":{"start":{"line":37,"column":61},"end":{"line":37,"column":65}}},"1":{"name":"(anonymous_5)","decl":{"start":{"line":54,"column":2},"end":{"line":54,"column":7}},"loc":{"start":{"line":56,"column":23},"end":{"line":59,"column":3}}},"2":{"name":"(anonymous_6)","decl":{"start":{"line":84,"column":2},"end":{"line":84,"column":7}},"loc":{"start":{"line":86,"column":71},"end":{"line":89,"column":3}}},"3":{"name":"(anonymous_7)","decl":{"start":{"line":115,"column":2},"end":{"line":115,"column":7}},"loc":{"start":{"line":118,"column":71},"end":{"line":121,"column":3}}},"4":{"name":"(anonymous_8)","decl":{"start":{"line":147,"column":2},"end":{"line":147,"column":7}},"loc":{"start":{"line":150,"column":71},"end":{"line":153,"column":3}}},"5":{"name":"(anonymous_9)","decl":{"start":{"line":167,"column":2},"end":{"line":167,"column":7}},"loc":{"start":{"line":167,"column":39},"end":{"line":169,"column":3}}},"6":{"name":"(anonymous_10)","decl":{"start":{"line":188,"column":2},"end":{"line":188,"column":7}},"loc":{"start":{"line":191,"column":23},"end":{"line":194,"column":3}}},"7":{"name":"(anonymous_11)","decl":{"start":{"line":209,"column":2},"end":{"line":209,"column":7}},"loc":{"start":{"line":211,"column":23},"end":{"line":214,"column":3}}},"8":{"name":"(anonymous_12)","decl":{"start":{"line":234,"column":2},"end":{"line":234,"column":7}},"loc":{"start":{"line":234,"column":56},"end":{"line":237,"column":3}}}},"branchMap":{},"s":{"0":0,"1":0,"2":0,"3":0,"4":0,"5":0,"6":0,"7":0,"8":0,"9":0,"10":0,"11":0,"12":0,"13":0,"14":0,"15":0,"16":0,"17":0,"18":0,"19":0,"20":0,"21":0,"22":0,"23":0,"24":0,"25":0,"26":0,"27":0},"f":{"0":0,"1":0,"2":0,"3":0,"4":0,"5":0,"6":0,"7":0,"8":0},"b":{}}
,"/Users/deepeshsaheb/Library/CloudStorage/OneDrive-TalenticaSoftware(I)Pvt.Ltd/Learning_LLM/AI Assignment 2/BookCritic-BE/src/reviews/reviews.service.ts": {"path":"/Users/deepeshsaheb/Library/CloudStorage/OneDrive-TalenticaSoftware(I)Pvt.Ltd/Learning_LLM/AI Assignment 2/BookCritic-BE/src/reviews/reviews.service.ts","statementMap":{"0":{"start":{"line":1,"column":0},"end":{"line":1,"column":91}},"1":{"start":{"line":2,"column":0},"end":{"line":2,"column":51}},"2":{"start":{"line":3,"column":0},"end":{"line":3,"column":37}},"3":{"start":{"line":4,"column":0},"end":{"line":4,"column":50}},"4":{"start":{"line":12,"column":27},"end":{"line":196,"column":null}},"5":{"start":{"line":17,"column":21},"end":{"line":17,"column":40}},"6":{"start":{"line":13,"column":19},"end":{"line":13,"column":60}},"7":{"start":{"line":27,"column":4},"end":{"line":27,"column":96}},"8":{"start":{"line":30,"column":27},"end":{"line":35,"column":6}},"9":{"start":{"line":37,"column":4},"end":{"line":40,"column":5}},"10":{"start":{"line":38,"column":6},"end":{"line":38,"column":89}},"11":{"start":{"line":39,"column":6},"end":{"line":39,"column":74}},"12":{"start":{"line":42,"column":19},"end":{"line":44,"column":null}},"13":{"start":{"line":47,"column":4},"end":{"line":47,"column":47}},"14":{"start":{"line":57,"column":4},"end":{"line":57,"column":87}},"15":{"start":{"line":59,"column":29},"end":{"line":64,"column":6}},"16":{"start":{"line":66,"column":4},"end":{"line":66,"column":30}},"17":{"start":{"line":77,"column":4},"end":{"line":77,"column":67}},"18":{"start":{"line":79,"column":29},"end":{"line":85,"column":6}},"19":{"start":{"line":87,"column":4},"end":{"line":87,"column":30}},"20":{"start":{"line":98,"column":4},"end":{"line":98,"column":66}},"21":{"start":{"line":100,"column":29},"end":{"line":106,"column":6}},"22":{"start":{"line":108,"column":4},"end":{"line":108,"column":30}},"23":{"start":{"line":118,"column":4},"end":{"line":118,"column":53}},"24":{"start":{"line":120,"column":19},"end":{"line":123,"column":6}},"25":{"start":{"line":125,"column":4},"end":{"line":128,"column":5}},"26":{"start":{"line":126,"column":6},"end":{"line":126,"column":57}},"27":{"start":{"line":127,"column":6},"end":{"line":127,"column":68}},"28":{"start":{"line":130,"column":4},"end":{"line":130,"column":18}},"29":{"start":{"line":143,"column":4},"end":{"line":143,"column":72}},"30":{"start":{"line":145,"column":19},"end":{"line":145,"column":41}},"31":{"start":{"line":148,"column":4},"end":{"line":151,"column":5}},"32":{"start":{"line":149,"column":6},"end":{"line":149,"column":107}},"33":{"start":{"line":150,"column":6},"end":{"line":150,"column":75}},"34":{"start":{"line":153,"column":4},"end":{"line":153,"column":43}},"35":{"start":{"line":155,"column":4},"end":{"line":155,"column":47}},"36":{"start":{"line":167,"column":4},"end":{"line":167,"column":72}},"37":{"start":{"line":169,"column":19},"end":{"line":169,"column":41}},"38":{"start":{"line":172,"column":4},"end":{"line":175,"column":5}},"39":{"start":{"line":173,"column":6},"end":{"line":173,"column":107}},"40":{"start":{"line":174,"column":6},"end":{"line":174,"column":75}},"41":{"start":{"line":177,"column":4},"end":{"line":177,"column":48}},"42":{"start":{"line":186,"column":4},"end":{"line":186,"column":78}},"43":{"start":{"line":188,"column":19},"end":{"line":192,"column":18}},"44":{"start":{"line":194,"column":4},"end":{"line":194,"column":71}},"45":{"start":{"line":12,"column":13},"end":{"line":12,"column":27}},"46":{"start":{"line":12,"column":13},"end":{"line":196,"column":null}}},"fnMap":{"0":{"name":"(anonymous_4)","decl":{"start":{"line":15,"column":2},"end":{"line":15,"column":null}},"loc":{"start":{"line":17,"column":58},"end":{"line":18,"column":6}}},"1":{"name":"(anonymous_5)","decl":{"start":{"line":26,"column":2},"end":{"line":26,"column":7}},"loc":{"start":{"line":26,"column":63},"end":{"line":48,"column":3}}},"2":{"name":"(anonymous_6)","decl":{"start":{"line":56,"column":2},"end":{"line":56,"column":7}},"loc":{"start":{"line":56,"column":35},"end":{"line":67,"column":3}}},"3":{"name":"(anonymous_7)","decl":{"start":{"line":76,"column":2},"end":{"line":76,"column":7}},"loc":{"start":{"line":76,"column":56},"end":{"line":88,"column":3}}},"4":{"name":"(anonymous_8)","decl":{"start":{"line":97,"column":2},"end":{"line":97,"column":7}},"loc":{"start":{"line":97,"column":56},"end":{"line":109,"column":3}}},"5":{"name":"(anonymous_9)","decl":{"start":{"line":117,"column":2},"end":{"line":117,"column":7}},"loc":{"start":{"line":117,"column":26},"end":{"line":131,"column":3}}},"6":{"name":"(anonymous_10)","decl":{"start":{"line":142,"column":2},"end":{"line":142,"column":7}},"loc":{"start":{"line":142,"column":75},"end":{"line":156,"column":3}}},"7":{"name":"(anonymous_11)","decl":{"start":{"line":166,"column":2},"end":{"line":166,"column":7}},"loc":{"start":{"line":166,"column":41},"end":{"line":178,"column":3}}},"8":{"name":"(anonymous_12)","decl":{"start":{"line":185,"column":2},"end":{"line":185,"column":7}},"loc":{"start":{"line":185,"column":39},"end":{"line":195,"column":3}}}},"branchMap":{"0":{"loc":{"start":{"line":37,"column":4},"end":{"line":40,"column":5}},"type":"if","locations":[{"start":{"line":37,"column":4},"end":{"line":40,"column":5}}]},"1":{"loc":{"start":{"line":56,"column":16},"end":{"line":56,"column":24}},"type":"default-arg","locations":[{"start":{"line":56,"column":23},"end":{"line":56,"column":24}}]},"2":{"loc":{"start":{"line":56,"column":26},"end":{"line":56,"column":35}},"type":"default-arg","locations":[{"start":{"line":56,"column":33},"end":{"line":56,"column":35}}]},"3":{"loc":{"start":{"line":76,"column":37},"end":{"line":76,"column":45}},"type":"default-arg","locations":[{"start":{"line":76,"column":44},"end":{"line":76,"column":45}}]},"4":{"loc":{"start":{"line":76,"column":47},"end":{"line":76,"column":56}},"type":"default-arg","locations":[{"start":{"line":76,"column":54},"end":{"line":76,"column":56}}]},"5":{"loc":{"start":{"line":97,"column":37},"end":{"line":97,"column":45}},"type":"default-arg","locations":[{"start":{"line":97,"column":44},"end":{"line":97,"column":45}}]},"6":{"loc":{"start":{"line":97,"column":47},"end":{"line":97,"column":56}},"type":"default-arg","locations":[{"start":{"line":97,"column":54},"end":{"line":97,"column":56}}]},"7":{"loc":{"start":{"line":125,"column":4},"end":{"line":128,"column":5}},"type":"if","locations":[{"start":{"line":125,"column":4},"end":{"line":128,"column":5}}]},"8":{"loc":{"start":{"line":148,"column":4},"end":{"line":151,"column":5}},"type":"if","locations":[{"start":{"line":148,"column":4},"end":{"line":151,"column":5}}]},"9":{"loc":{"start":{"line":172,"column":4},"end":{"line":175,"column":5}},"type":"if","locations":[{"start":{"line":172,"column":4},"end":{"line":175,"column":5}}]},"10":{"loc":{"start":{"line":194,"column":11},"end":{"line":194,"column":70}},"type":"cond-expr","locations":[{"start":{"line":194,"column":34},"end":{"line":194,"column":66}},{"start":{"line":194,"column":69},"end":{"line":194,"column":70}}]}},"s":{"0":1,"1":1,"2":1,"3":1,"4":1,"5":18,"6":18,"7":2,"8":2,"9":2,"10":1,"11":1,"12":1,"13":1,"14":2,"15":2,"16":2,"17":2,"18":2,"19":2,"20":2,"21":2,"22":2,"23":2,"24":2,"25":2,"26":1,"27":1,"28":1,"29":3,"30":3,"31":2,"32":1,"33":1,"34":1,"35":1,"36":2,"37":2,"38":2,"39":1,"40":1,"41":1,"42":2,"43":2,"44":2,"45":1,"46":1},"f":{"0":18,"1":2,"2":2,"3":2,"4":2,"5":2,"6":3,"7":2,"8":2},"b":{"0":[1],"1":[1],"2":[1],"3":[1],"4":[1],"5":[1],"6":[1],"7":[1],"8":[1],"9":[1],"10":[1,1]}}
,"/Users/deepeshsaheb/Library/CloudStorage/OneDrive-TalenticaSoftware(I)Pvt.Ltd/Learning_LLM/AI Assignment 2/BookCritic-BE/src/test/test-utils.ts": {"path":"/Users/deepeshsaheb/Library/CloudStorage/OneDrive-TalenticaSoftware(I)Pvt.Ltd/Learning_LLM/AI Assignment 2/BookCritic-BE/src/test/test-utils.ts","statementMap":{"0":{"start":{"line":11,"column":0},"end":{"line":11,"column":16}},"1":{"start":{"line":53,"column":0},"end":{"line":53,"column":16}},"2":{"start":{"line":62,"column":0},"end":{"line":62,"column":7}},"3":{"start":{"line":72,"column":0},"end":{"line":72,"column":16}},"4":{"start":{"line":83,"column":0},"end":{"line":83,"column":16}},"5":{"start":{"line":95,"column":0},"end":{"line":95,"column":16}},"6":{"start":{"line":105,"column":0},"end":{"line":105,"column":16}},"7":{"start":{"line":2,"column":0},"end":{"line":2,"column":39}},"8":{"start":{"line":3,"column":0},"end":{"line":3,"column":53}},"9":{"start":{"line":13,"column":27},"end":{"line":35,"column":40}},"10":{"start":{"line":37,"column":2},"end":{"line":45,"column":4}},"11":{"start":{"line":44,"column":81},"end":{"line":44,"column":97}},"12":{"start":{"line":54,"column":2},"end":{"line":54,"column":42}},"13":{"start":{"line":63,"column":20},"end":{"line":63,"column":70}},"14":{"start":{"line":64,"column":2},"end":{"line":64,"column":19}},"15":{"start":{"line":73,"column":2},"end":{"line":76,"column":4}},"16":{"start":{"line":84,"column":2},"end":{"line":87,"column":4}},"17":{"start":{"line":85,"column":24},"end":{"line":85,"column":36}},"18":{"start":{"line":96,"column":2},"end":{"line":98,"column":4}},"19":{"start":{"line":97,"column":34},"end":{"line":97,"column":45}},"20":{"start":{"line":106,"column":2},"end":{"line":112,"column":4}}},"fnMap":{"0":{"name":"createMockRepository","decl":{"start":{"line":11,"column":16},"end":{"line":11,"column":36}},"loc":{"start":{"line":11,"column":36},"end":{"line":46,"column":1}}},"1":{"name":"(anonymous_1)","decl":{"start":{"line":44,"column":32},"end":{"line":44,"column":33}},"loc":{"start":{"line":44,"column":81},"end":{"line":44,"column":97}}},"2":{"name":"createMockService","decl":{"start":{"line":53,"column":16},"end":{"line":53,"column":33}},"loc":{"start":{"line":53,"column":82},"end":{"line":55,"column":1}}},"3":{"name":"createTestingModule","decl":{"start":{"line":62,"column":22},"end":{"line":62,"column":41}},"loc":{"start":{"line":62,"column":66},"end":{"line":65,"column":1}}},"4":{"name":"provideMockRepository","decl":{"start":{"line":72,"column":16},"end":{"line":72,"column":37}},"loc":{"start":{"line":72,"column":58},"end":{"line":77,"column":1}}},"5":{"name":"createMockJwtService","decl":{"start":{"line":83,"column":16},"end":{"line":83,"column":36}},"loc":{"start":{"line":83,"column":36},"end":{"line":88,"column":1}}},"6":{"name":"(anonymous_6)","decl":{"start":{"line":85,"column":18},"end":{"line":85,"column":21}},"loc":{"start":{"line":85,"column":24},"end":{"line":85,"column":36}}},"7":{"name":"createMockConfigService","decl":{"start":{"line":95,"column":16},"end":{"line":95,"column":39}},"loc":{"start":{"line":95,"column":72},"end":{"line":99,"column":1}}},"8":{"name":"(anonymous_8)","decl":{"start":{"line":97,"column":17},"end":{"line":97,"column":18}},"loc":{"start":{"line":97,"column":34},"end":{"line":97,"column":45}}},"9":{"name":"createMockLogger","decl":{"start":{"line":105,"column":16},"end":{"line":105,"column":32}},"loc":{"start":{"line":105,"column":32},"end":{"line":113,"column":1}}}},"branchMap":{"0":{"loc":{"start":{"line":53,"column":43},"end":{"line":53,"column":82}},"type":"default-arg","locations":[{"start":{"line":53,"column":80},"end":{"line":53,"column":82}}]},"1":{"loc":{"start":{"line":95,"column":40},"end":{"line":95,"column":72}},"type":"default-arg","locations":[{"start":{"line":95,"column":70},"end":{"line":95,"column":72}}]}},"s":{"0":0,"1":0,"2":0,"3":0,"4":0,"5":0,"6":0,"7":0,"8":0,"9":0,"10":0,"11":0,"12":0,"13":0,"14":0,"15":0,"16":0,"17":0,"18":0,"19":0,"20":0},"f":{"0":0,"1":0,"2":0,"3":0,"4":0,"5":0,"6":0,"7":0,"8":0,"9":0},"b":{"0":[0],"1":[0]}}
,"/Users/deepeshsaheb/Library/CloudStorage/OneDrive-TalenticaSoftware(I)Pvt.Ltd/Learning_LLM/AI Assignment 2/BookCritic-BE/src/users/users.controller.ts": {"path":"/Users/deepeshsaheb/Library/CloudStorage/OneDrive-TalenticaSoftware(I)Pvt.Ltd/Learning_LLM/AI Assignment 2/BookCritic-BE/src/users/users.controller.ts","statementMap":{"0":{"start":{"line":1,"column":0},"end":{"line":1,"column":null}},"1":{"start":{"line":15,"column":0},"end":{"line":15,"column":null}},"2":{"start":{"line":23,"column":0},"end":{"line":23,"column":47}},"3":{"start":{"line":24,"column":0},"end":{"line":24,"column":54}},"4":{"start":{"line":25,"column":0},"end":{"line":25,"column":54}},"5":{"start":{"line":26,"column":0},"end":{"line":26,"column":46}},"6":{"start":{"line":27,"column":0},"end":{"line":27,"column":61}},"7":{"start":{"line":34,"column":7},"end":{"line":149,"column":null}},"8":{"start":{"line":35,"column":31},"end":{"line":35,"column":45}},"9":{"start":{"line":49,"column":4},"end":{"line":49,"column":51}},"10":{"start":{"line":65,"column":4},"end":{"line":65,"column":39}},"11":{"start":{"line":83,"column":4},"end":{"line":83,"column":41}},"12":{"start":{"line":106,"column":4},"end":{"line":108,"column":5}},"13":{"start":{"line":107,"column":6},"end":{"line":107,"column":62}},"14":{"start":{"line":109,"column":4},"end":{"line":109,"column":55}},"15":{"start":{"line":128,"column":4},"end":{"line":130,"column":5}},"16":{"start":{"line":129,"column":6},"end":{"line":129,"column":62}},"17":{"start":{"line":131,"column":4},"end":{"line":131,"column":40}},"18":{"start":{"line":147,"column":4},"end":{"line":147,"column":50}},"19":{"start":{"line":34,"column":13},"end":{"line":34,"column":28}},"20":{"start":{"line":48,"column":8},"end":{"line":50,"column":null}},"21":{"start":{"line":64,"column":8},"end":{"line":66,"column":null}},"22":{"start":{"line":82,"column":8},"end":{"line":84,"column":null}},"23":{"start":{"line":100,"column":8},"end":{"line":110,"column":null}},"24":{"start":{"line":123,"column":8},"end":{"line":132,"column":null}},"25":{"start":{"line":146,"column":8},"end":{"line":148,"column":null}},"26":{"start":{"line":34,"column":13},"end":{"line":149,"column":null}}},"fnMap":{"0":{"name":"(anonymous_4)","decl":{"start":{"line":35,"column":2},"end":{"line":35,"column":31}},"loc":{"start":{"line":35,"column":57},"end":{"line":35,"column":61}}},"1":{"name":"(anonymous_5)","decl":{"start":{"line":48,"column":2},"end":{"line":48,"column":7}},"loc":{"start":{"line":48,"column":51},"end":{"line":50,"column":3}}},"2":{"name":"(anonymous_6)","decl":{"start":{"line":64,"column":2},"end":{"line":64,"column":7}},"loc":{"start":{"line":64,"column":15},"end":{"line":66,"column":3}}},"3":{"name":"(anonymous_7)","decl":{"start":{"line":82,"column":2},"end":{"line":82,"column":7}},"loc":{"start":{"line":82,"column":39},"end":{"line":84,"column":3}}},"4":{"name":"(anonymous_8)","decl":{"start":{"line":100,"column":2},"end":{"line":100,"column":7}},"loc":{"start":{"line":103,"column":23},"end":{"line":110,"column":3}}},"5":{"name":"(anonymous_9)","decl":{"start":{"line":123,"column":2},"end":{"line":123,"column":7}},"loc":{"start":{"line":125,"column":23},"end":{"line":132,"column":3}}},"6":{"name":"(anonymous_10)","decl":{"start":{"line":146,"column":2},"end":{"line":146,"column":7}},"loc":{"start":{"line":146,"column":38},"end":{"line":148,"column":3}}}},"branchMap":{"0":{"loc":{"start":{"line":106,"column":4},"end":{"line":108,"column":5}},"type":"if","locations":[{"start":{"line":106,"column":4},"end":{"line":108,"column":5}}]},"1":{"loc":{"start":{"line":106,"column":8},"end":{"line":106,"column":55}},"type":"binary-expr","locations":[{"start":{"line":106,"column":8},"end":{"line":106,"column":26}},{"start":{"line":106,"column":30},"end":{"line":106,"column":55}}]},"2":{"loc":{"start":{"line":128,"column":4},"end":{"line":130,"column":5}},"type":"if","locations":[{"start":{"line":128,"column":4},"end":{"line":130,"column":5}}]},"3":{"loc":{"start":{"line":128,"column":8},"end":{"line":128,"column":55}},"type":"binary-expr","locations":[{"start":{"line":128,"column":8},"end":{"line":128,"column":26}},{"start":{"line":128,"column":30},"end":{"line":128,"column":55}}]}},"s":{"0":0,"1":0,"2":0,"3":0,"4":0,"5":0,"6":0,"7":0,"8":0,"9":0,"10":0,"11":0,"12":0,"13":0,"14":0,"15":0,"16":0,"17":0,"18":0,"19":0,"20":0,"21":0,"22":0,"23":0,"24":0,"25":0,"26":0},"f":{"0":0,"1":0,"2":0,"3":0,"4":0,"5":0,"6":0},"b":{"0":[0],"1":[0,0],"2":[0],"3":[0,0]}}
,"/Users/deepeshsaheb/Library/CloudStorage/OneDrive-TalenticaSoftware(I)Pvt.Ltd/Learning_LLM/AI Assignment 2/BookCritic-BE/src/users/users.service.ts": {"path":"/Users/deepeshsaheb/Library/CloudStorage/OneDrive-TalenticaSoftware(I)Pvt.Ltd/Learning_LLM/AI Assignment 2/BookCritic-BE/src/users/users.service.ts","statementMap":{"0":{"start":{"line":1,"column":0},"end":{"line":1,"column":71}},"1":{"start":{"line":2,"column":0},"end":{"line":2,"column":51}},"2":{"start":{"line":3,"column":0},"end":{"line":3,"column":37}},"3":{"start":{"line":4,"column":0},"end":{"line":4,"column":46}},"4":{"start":{"line":7,"column":0},"end":{"line":7,"column":33}},"5":{"start":{"line":13,"column":25},"end":{"line":163,"column":null}},"6":{"start":{"line":18,"column":21},"end":{"line":18,"column":38}},"7":{"start":{"line":14,"column":19},"end":{"line":14,"column":58}},"8":{"start":{"line":27,"column":45},"end":{"line":27,"column":58}},"9":{"start":{"line":30,"column":25},"end":{"line":35,"column":6}},"10":{"start":{"line":37,"column":17},"end":{"line":41,"column":6}},"11":{"start":{"line":43,"column":4},"end":{"line":43,"column":62}},"12":{"start":{"line":44,"column":4},"end":{"line":44,"column":43}},"13":{"start":{"line":52,"column":4},"end":{"line":52,"column":41}},"14":{"start":{"line":53,"column":4},"end":{"line":53,"column":39}},"15":{"start":{"line":63,"column":4},"end":{"line":63,"column":51}},"16":{"start":{"line":64,"column":17},"end":{"line":64,"column":70}},"17":{"start":{"line":66,"column":4},"end":{"line":69,"column":5}},"18":{"start":{"line":67,"column":6},"end":{"line":67,"column":55}},"19":{"start":{"line":68,"column":6},"end":{"line":68,"column":66}},"20":{"start":{"line":71,"column":4},"end":{"line":71,"column":16}},"21":{"start":{"line":80,"column":4},"end":{"line":80,"column":57}},"22":{"start":{"line":81,"column":4},"end":{"line":81,"column":62}},"23":{"start":{"line":92,"column":4},"end":{"line":92,"column":52}},"24":{"start":{"line":93,"column":17},"end":{"line":93,"column":39}},"25":{"start":{"line":96,"column":4},"end":{"line":107,"column":5}},"26":{"start":{"line":97,"column":6},"end":{"line":102,"column":9}},"27":{"start":{"line":105,"column":41},"end":{"line":105,"column":54}},"28":{"start":{"line":105,"column":36},"end":{"line":105,"column":41}},"29":{"start":{"line":106,"column":6},"end":{"line":106,"column":49}},"30":{"start":{"line":110,"column":4},"end":{"line":110,"column":39}},"31":{"start":{"line":112,"column":4},"end":{"line":112,"column":43}},"32":{"start":{"line":121,"column":4},"end":{"line":121,"column":67}},"33":{"start":{"line":122,"column":17},"end":{"line":122,"column":39}},"34":{"start":{"line":124,"column":4},"end":{"line":124,"column":32}},"35":{"start":{"line":125,"column":4},"end":{"line":125,"column":43}},"36":{"start":{"line":135,"column":4},"end":{"line":135,"column":52}},"37":{"start":{"line":136,"column":17},"end":{"line":136,"column":39}},"38":{"start":{"line":138,"column":4},"end":{"line":138,"column":44}},"39":{"start":{"line":148,"column":4},"end":{"line":148,"column":76}},"40":{"start":{"line":149,"column":17},"end":{"line":149,"column":46}},"41":{"start":{"line":151,"column":4},"end":{"line":153,"column":5}},"42":{"start":{"line":152,"column":6},"end":{"line":152,"column":18}},"43":{"start":{"line":155,"column":4},"end":{"line":161,"column":5}},"44":{"start":{"line":156,"column":30},"end":{"line":156,"column":78}},"45":{"start":{"line":157,"column":6},"end":{"line":157,"column":43}},"46":{"start":{"line":159,"column":6},"end":{"line":159,"column":71}},"47":{"start":{"line":160,"column":6},"end":{"line":160,"column":18}},"48":{"start":{"line":13,"column":13},"end":{"line":13,"column":25}},"49":{"start":{"line":13,"column":13},"end":{"line":163,"column":null}}},"fnMap":{"0":{"name":"(anonymous_14)","decl":{"start":{"line":16,"column":2},"end":{"line":16,"column":null}},"loc":{"start":{"line":18,"column":54},"end":{"line":19,"column":6}}},"1":{"name":"(anonymous_15)","decl":{"start":{"line":26,"column":2},"end":{"line":26,"column":7}},"loc":{"start":{"line":26,"column":43},"end":{"line":45,"column":3}}},"2":{"name":"(anonymous_16)","decl":{"start":{"line":51,"column":2},"end":{"line":51,"column":7}},"loc":{"start":{"line":51,"column":15},"end":{"line":54,"column":3}}},"3":{"name":"(anonymous_17)","decl":{"start":{"line":62,"column":2},"end":{"line":62,"column":7}},"loc":{"start":{"line":62,"column":26},"end":{"line":72,"column":3}}},"4":{"name":"(anonymous_18)","decl":{"start":{"line":79,"column":2},"end":{"line":79,"column":7}},"loc":{"start":{"line":79,"column":33},"end":{"line":82,"column":3}}},"5":{"name":"(anonymous_19)","decl":{"start":{"line":91,"column":2},"end":{"line":91,"column":7}},"loc":{"start":{"line":91,"column":55},"end":{"line":113,"column":3}}},"6":{"name":"(anonymous_20)","decl":{"start":{"line":120,"column":2},"end":{"line":120,"column":7}},"loc":{"start":{"line":120,"column":34},"end":{"line":126,"column":3}}},"7":{"name":"(anonymous_21)","decl":{"start":{"line":134,"column":2},"end":{"line":134,"column":7}},"loc":{"start":{"line":134,"column":25},"end":{"line":139,"column":3}}},"8":{"name":"(anonymous_22)","decl":{"start":{"line":147,"column":2},"end":{"line":147,"column":7}},"loc":{"start":{"line":147,"column":59},"end":{"line":162,"column":3}}}},"branchMap":{"0":{"loc":{"start":{"line":66,"column":4},"end":{"line":69,"column":5}},"type":"if","locations":[{"start":{"line":66,"column":4},"end":{"line":69,"column":5}}]},"1":{"loc":{"start":{"line":96,"column":4},"end":{"line":107,"column":5}},"type":"if","locations":[{"start":{"line":96,"column":4},"end":{"line":107,"column":5}}]},"2":{"loc":{"start":{"line":151,"column":4},"end":{"line":153,"column":5}},"type":"if","locations":[{"start":{"line":151,"column":4},"end":{"line":153,"column":5}}]},"3":{"loc":{"start":{"line":157,"column":13},"end":{"line":157,"column":42}},"type":"cond-expr","locations":[{"start":{"line":157,"column":31},"end":{"line":157,"column":35}},{"start":{"line":157,"column":38},"end":{"line":157,"column":42}}]}},"s":{"0":0,"1":0,"2":0,"3":0,"4":0,"5":0,"6":0,"7":0,"8":0,"9":0,"10":0,"11":0,"12":0,"13":0,"14":0,"15":0,"16":0,"17":0,"18":0,"19":0,"20":0,"21":0,"22":0,"23":0,"24":0,"25":0,"26":0,"27":0,"28":0,"29":0,"30":0,"31":0,"32":0,"33":0,"34":0,"35":0,"36":0,"37":0,"38":0,"39":0,"40":0,"41":0,"42":0,"43":0,"44":0,"45":0,"46":0,"47":0,"48":0,"49":0},"f":{"0":0,"1":0,"2":0,"3":0,"4":0,"5":0,"6":0,"7":0,"8":0},"b":{"0":[0],"1":[0],"2":[0],"3":[0,0]}}
}
