TN:
SF:src/app.module.d.ts
FNF:0
FNH:0
LF:0
LH:0
BRF:0
BRH:0
end_of_record
TN:
SF:src/auth/auth.controller.ts
FN:28,(anonymous_4)
FN:55,(anonymous_5)
FN:89,(anonymous_6)
FN:103,(anonymous_7)
FNF:4
FNH:0
FNDA:0,(anonymous_4)
FNDA:0,(anonymous_5)
FNDA:0,(anonymous_6)
FNDA:0,(anonymous_7)
DA:1,0
DA:10,0
DA:16,0
DA:17,0
DA:18,0
DA:19,0
DA:20,0
DA:27,0
DA:28,0
DA:55,0
DA:56,0
DA:89,0
DA:90,0
DA:103,0
DA:104,0
LF:15
LH:0
BRF:0
BRH:0
end_of_record
TN:
SF:src/auth/auth.service.ts
FN:13,(anonymous_2)
FN:24,(anonymous_3)
FN:34,(anonymous_4)
FN:64,(anonymous_5)
FNF:4
FNH:0
FNDA:0,(anonymous_2)
FNDA:0,(anonymous_3)
FNDA:0,(anonymous_4)
FNDA:0,(anonymous_5)
DA:1,0
DA:2,0
DA:3,0
DA:10,0
DA:11,0
DA:14,0
DA:15,0
DA:25,0
DA:26,0
DA:35,0
DA:38,0
DA:40,0
DA:46,0
DA:65,0
DA:68,0
DA:69,0
DA:70,0
DA:74,0
DA:81,0
LF:19
LH:0
BRDA:43,0,0,0
BRDA:43,0,1,0
BRDA:52,1,0,0
BRDA:52,1,1,0
BRDA:69,2,0,0
BRF:5
BRH:0
end_of_record
TN:
SF:src/auth/decorators/roles.decorator.ts
FN:12,(anonymous_0)
FNF:1
FNH:0
FNDA:0,(anonymous_0)
DA:1,0
DA:6,0
DA:12,0
LF:3
LH:0
BRF:0
BRH:0
end_of_record
TN:
SF:src/auth/guards/jwt-auth.guard.ts
FN:15,(anonymous_1)
FN:25,(anonymous_2)
FNF:2
FNH:0
FNDA:0,(anonymous_1)
FNDA:0,(anonymous_2)
DA:1,0
DA:2,0
DA:9,0
DA:18,0
DA:26,0
DA:27,0
DA:29,0
LF:7
LH:0
BRDA:26,0,0,0
BRDA:26,1,0,0
BRDA:26,1,1,0
BRDA:27,2,0,0
BRDA:27,2,1,0
BRF:5
BRH:0
end_of_record
TN:
SF:src/auth/guards/local-auth.guard.ts
FNF:0
FNH:0
DA:1,0
DA:2,0
DA:8,0
LF:3
LH:0
BRF:0
BRH:0
end_of_record
TN:
SF:src/auth/guards/roles.guard.ts
FN:10,(anonymous_2)
FN:17,(anonymous_3)
FN:31,(anonymous_4)
FNF:3
FNH:0
FNDA:0,(anonymous_2)
FNDA:0,(anonymous_3)
FNDA:0,(anonymous_4)
DA:1,0
DA:2,0
DA:3,0
DA:9,0
DA:10,0
DA:18,0
DA:24,0
DA:25,0
DA:28,0
DA:31,0
DA:33,0
DA:34,0
DA:37,0
LF:13
LH:0
BRDA:24,0,0,0
BRDA:24,1,0,0
BRDA:24,1,1,0
BRDA:33,2,0,0
BRF:4
BRH:0
end_of_record
TN:
SF:src/auth/strategies/jwt.strategy.ts
FN:21,(anonymous_2)
FN:37,(anonymous_3)
FNF:2
FNH:0
FNDA:0,(anonymous_2)
FNDA:0,(anonymous_3)
DA:1,0
DA:2,0
DA:3,0
DA:4,0
DA:5,0
DA:20,0
DA:22,0
DA:23,0
DA:25,0
DA:38,0
DA:40,0
DA:41,0
DA:44,0
LF:13
LH:0
BRDA:28,0,0,0
BRDA:28,0,1,0
BRDA:40,1,0,0
BRDA:47,2,0,0
BRDA:47,2,1,0
BRF:5
BRH:0
end_of_record
TN:
SF:src/auth/strategies/local.strategy.ts
FN:11,(anonymous_2)
FN:24,(anonymous_3)
FNF:2
FNH:0
FNDA:0,(anonymous_2)
FNDA:0,(anonymous_3)
DA:1,0
DA:2,0
DA:3,0
DA:4,0
DA:10,0
DA:11,0
DA:12,0
DA:25,0
DA:27,0
DA:28,0
DA:31,0
LF:11
LH:0
BRDA:27,0,0,0
BRF:1
BRH:0
end_of_record
TN:
SF:src/books/books.controller.ts
FN:38,(anonymous_4)
FN:56,(anonymous_5)
FN:83,(anonymous_6)
FN:114,(anonymous_7)
FN:134,(anonymous_8)
FN:156,(anonymous_9)
FN:177,(anonymous_10)
FNF:7
FNH:0
FNDA:0,(anonymous_4)
FNDA:0,(anonymous_5)
FNDA:0,(anonymous_6)
FNDA:0,(anonymous_7)
FNDA:0,(anonymous_8)
FNDA:0,(anonymous_9)
FNDA:0,(anonymous_10)
DA:1,0
DA:16,0
DA:24,0
DA:25,0
DA:26,0
DA:27,0
DA:28,0
DA:29,0
DA:30,0
DA:37,0
DA:38,0
DA:56,0
DA:57,0
DA:83,0
DA:87,0
DA:114,0
DA:119,0
DA:134,0
DA:135,0
DA:156,0
DA:160,0
DA:177,0
DA:178,0
LF:23
LH:0
BRF:0
BRH:0
end_of_record
TN:
SF:src/books/books.service.ts
FN:16,(anonymous_5)
FN:28,(anonymous_6)
FN:51,(anonymous_7)
FN:69,(anonymous_8)
FN:92,(anonymous_9)
FN:116,(anonymous_10)
FN:140,(anonymous_11)
FN:158,(anonymous_12)
FN:165,(anonymous_13)
FNF:9
FNH:0
FNDA:0,(anonymous_5)
FNDA:0,(anonymous_6)
FNDA:0,(anonymous_7)
FNDA:0,(anonymous_8)
FNDA:0,(anonymous_9)
FNDA:0,(anonymous_10)
FNDA:0,(anonymous_11)
FNDA:0,(anonymous_12)
FNDA:0,(anonymous_13)
DA:1,0
DA:2,0
DA:3,0
DA:4,0
DA:7,0
DA:13,0
DA:14,0
DA:18,0
DA:20,0
DA:29,0
DA:31,0
DA:34,0
DA:35,0
DA:38,0
DA:39,0
DA:42,0
DA:52,0
DA:54,0
DA:60,0
DA:70,0
DA:72,0
DA:77,0
DA:78,0
DA:79,0
DA:82,0
DA:93,0
DA:95,0
DA:106,0
DA:117,0
DA:119,0
DA:120,0
DA:123,0
DA:124,0
DA:127,0
DA:128,0
DA:131,0
DA:141,0
DA:143,0
DA:146,0
DA:149,0
DA:159,0
DA:162,0
DA:165,0
DA:166,0
DA:169,0
LF:45
LH:0
BRDA:38,0,0,0
BRDA:38,1,0,0
BRDA:38,1,1,0
BRDA:51,2,0,0
BRDA:51,3,0,0
BRDA:77,4,0,0
BRDA:92,5,0,0
BRDA:92,6,0,0
BRDA:127,7,0,0
BRF:9
BRH:0
end_of_record
TN:
SF:src/common/health/health.controller.ts
FN:17,(anonymous_2)
FN:47,(anonymous_3)
FN:50,(anonymous_4)
FN:53,(anonymous_5)
FN:56,(anonymous_6)
FN:79,(anonymous_7)
FNF:6
FNH:0
FNDA:0,(anonymous_2)
FNDA:0,(anonymous_3)
FNDA:0,(anonymous_4)
FNDA:0,(anonymous_5)
FNDA:0,(anonymous_6)
FNDA:0,(anonymous_7)
DA:1,0
DA:2,0
DA:3,0
DA:16,0
DA:18,0
DA:19,0
DA:20,0
DA:21,0
DA:47,0
DA:48,0
DA:50,0
DA:53,0
DA:56,0
DA:79,0
DA:80,0
LF:15
LH:0
BRF:0
BRH:0
end_of_record
TN:
SF:src/common/logging/winston-logger.service.ts
FN:13,(anonymous_12)
FN:30,(anonymous_13)
FN:81,(anonymous_14)
FN:91,(anonymous_15)
FN:100,(anonymous_16)
FN:109,(anonymous_17)
FN:118,(anonymous_18)
FNF:7
FNH:0
FNDA:0,(anonymous_12)
FNDA:0,(anonymous_13)
FNDA:0,(anonymous_14)
FNDA:0,(anonymous_15)
FNDA:0,(anonymous_16)
FNDA:0,(anonymous_17)
FNDA:0,(anonymous_18)
DA:1,0
DA:2,0
DA:3,0
DA:4,0
DA:10,0
DA:13,0
DA:14,0
DA:15,0
DA:18,0
DA:25,0
DA:30,0
DA:31,0
DA:40,0
DA:42,0
DA:54,0
DA:68,0
DA:82,0
DA:92,0
DA:101,0
DA:110,0
DA:119,0
LF:21
LH:0
BRDA:14,0,0,0
BRDA:14,0,1,0
BRDA:31,1,0,0
BRDA:31,1,1,0
BRDA:32,2,0,0
BRDA:32,2,1,0
BRDA:40,3,0,0
BRDA:69,4,0,0
BRDA:69,4,1,0
BRF:9
BRH:0
end_of_record
TN:
SF:src/common/swagger/swagger.config.ts
FN:8,setupSwagger
FNF:1
FNH:0
FNDA:0,setupSwagger
DA:1,0
DA:8,0
DA:9,0
DA:33,0
DA:34,0
LF:5
LH:0
BRF:0
BRH:0
end_of_record
TN:
SF:src/config/database.config.ts
FNF:0
FNH:0
DA:2,0
DA:4,0
DA:9,0
LF:3
LH:0
BRDA:11,0,0,0
BRDA:11,0,1,0
BRDA:12,1,0,0
BRDA:12,1,1,0
BRDA:13,2,0,0
BRDA:13,2,1,0
BRDA:14,3,0,0
BRDA:14,3,1,0
BRDA:15,4,0,0
BRDA:15,4,1,0
BRDA:16,5,0,0
BRDA:16,5,1,0
BRDA:25,6,0,0
BRDA:25,6,1,0
BRF:14
BRH:0
end_of_record
TN:
SF:src/config/pgbouncer.config.ts
FNF:0
FNH:0
DA:1,0
DA:3,0
DA:8,0
LF:3
LH:0
BRDA:10,0,0,0
BRDA:10,0,1,0
BRDA:11,1,0,0
BRDA:11,1,1,0
BRDA:40,2,0,0
BRDA:40,2,1,0
BRDA:41,3,0,0
BRDA:41,3,1,0
BRDA:42,4,0,0
BRDA:42,4,1,0
BRDA:43,5,0,0
BRDA:43,5,1,0
BRDA:44,6,0,0
BRDA:44,6,1,0
BRF:14
BRH:0
end_of_record
TN:
SF:src/config/security.config.ts
FNF:0
FNH:0
DA:1,0
DA:3,0
DA:8,0
LF:3
LH:0
BRF:0
BRH:0
end_of_record
TN:
SF:src/database/data-source.ts
FNF:0
FNH:0
DA:1,0
DA:2,0
DA:4,0
DA:10,0
DA:25,0
DA:26,0
LF:6
LH:0
BRDA:12,0,0,0
BRDA:12,0,1,0
BRDA:13,1,0,0
BRDA:13,1,1,0
BRDA:14,2,0,0
BRDA:14,2,1,0
BRDA:15,3,0,0
BRDA:15,3,1,0
BRDA:16,4,0,0
BRDA:16,4,1,0
BRDA:17,5,0,0
BRDA:17,5,1,0
BRDA:22,6,0,0
BRDA:22,6,1,0
BRF:14
BRH:0
end_of_record
TN:
SF:src/database/database-security.service.ts
FN:12,(anonymous_2)
FN:19,(anonymous_3)
FN:48,(anonymous_4)
FNF:3
FNH:0
FNDA:0,(anonymous_2)
FNDA:0,(anonymous_3)
FNDA:0,(anonymous_4)
DA:1,0
DA:2,0
DA:3,0
DA:9,0
DA:10,0
DA:12,0
DA:13,0
DA:20,0
DA:22,0
DA:27,0
DA:32,0
DA:33,0
DA:37,0
DA:39,0
DA:40,0
DA:49,0
DA:51,0
DA:66,0
DA:72,0
DA:74,0
DA:75,0
LF:21
LH:0
BRDA:32,0,0,0
BRF:1
BRH:0
end_of_record
TN:
SF:src/database/pgbouncer.service.ts
FN:12,(anonymous_2)
FN:17,(anonymous_3)
FN:30,(anonymous_4)
FN:50,(anonymous_5)
FNF:4
FNH:0
FNDA:0,(anonymous_2)
FNDA:0,(anonymous_3)
FNDA:0,(anonymous_4)
FNDA:0,(anonymous_5)
DA:1,0
DA:2,0
DA:3,0
DA:9,0
DA:10,0
DA:12,0
DA:18,0
DA:20,0
DA:21,0
DA:23,0
DA:31,0
DA:33,0
DA:36,0
DA:39,0
DA:40,0
DA:42,0
DA:43,0
DA:51,0
DA:54,0
DA:62,0
DA:64,0
DA:65,0
LF:22
LH:0
BRF:0
BRH:0
end_of_record
TN:
SF:src/database/entities/index.ts
FNF:0
FNH:0
DA:1,0
DA:2,0
DA:3,0
DA:4,0
DA:5,0
LF:5
LH:0
BRF:0
BRH:0
end_of_record
TN:
SF:src/database/migrations/1661234567889-DatabaseExtensions.ts
FN:6,(anonymous_0)
FN:9,(anonymous_1)
FN:17,(anonymous_2)
FNF:3
FNH:0
FNDA:0,(anonymous_0)
FNDA:0,(anonymous_1)
FNDA:0,(anonymous_2)
DA:6,0
DA:7,0
DA:11,0
DA:14,0
DA:19,0
DA:20,0
LF:6
LH:0
BRF:0
BRH:0
end_of_record
TN:
SF:src/database/migrations/1661234567890-InitialMigration.ts
FN:6,(anonymous_0)
FN:9,(anonymous_1)
FN:105,(anonymous_2)
FNF:3
FNH:0
FNDA:0,(anonymous_0)
FNDA:0,(anonymous_1)
FNDA:0,(anonymous_2)
DA:6,0
DA:7,0
DA:11,0
DA:26,0
DA:39,0
DA:56,0
DA:70,0
DA:79,0
DA:84,0
DA:89,0
DA:94,0
DA:100,0
DA:101,0
DA:102,0
DA:107,0
DA:108,0
DA:109,0
DA:110,0
DA:113,0
DA:114,0
DA:115,0
DA:118,0
DA:119,0
DA:120,0
DA:121,0
DA:122,0
LF:26
LH:0
BRF:0
BRH:0
end_of_record
TN:
SF:src/genres/genres.controller.ts
FN:34,(anonymous_4)
FN:52,(anonymous_5)
FN:66,(anonymous_6)
FN:82,(anonymous_7)
FN:104,(anonymous_8)
FN:125,(anonymous_9)
FN:141,(anonymous_10)
FNF:7
FNH:0
FNDA:0,(anonymous_4)
FNDA:0,(anonymous_5)
FNDA:0,(anonymous_6)
FNDA:0,(anonymous_7)
FNDA:0,(anonymous_8)
FNDA:0,(anonymous_9)
FNDA:0,(anonymous_10)
DA:1,0
DA:13,0
DA:20,0
DA:21,0
DA:22,0
DA:23,0
DA:24,0
DA:25,0
DA:26,0
DA:33,0
DA:34,0
DA:52,0
DA:53,0
DA:66,0
DA:67,0
DA:82,0
DA:83,0
DA:104,0
DA:108,0
DA:125,0
DA:126,0
DA:141,0
DA:142,0
LF:23
LH:0
BRF:0
BRH:0
end_of_record
TN:
SF:src/genres/genres.service.ts
FN:15,(anonymous_4)
FN:25,(anonymous_5)
FN:36,(anonymous_6)
FN:50,(anonymous_7)
FN:73,(anonymous_8)
FN:89,(anonymous_9)
FN:103,(anonymous_10)
FN:124,(anonymous_11)
FNF:8
FNH:0
FNDA:0,(anonymous_4)
FNDA:0,(anonymous_5)
FNDA:0,(anonymous_6)
FNDA:0,(anonymous_7)
FNDA:0,(anonymous_8)
FNDA:0,(anonymous_9)
FNDA:0,(anonymous_10)
FNDA:0,(anonymous_11)
DA:1,0
DA:2,0
DA:3,0
DA:4,0
DA:12,0
DA:13,0
DA:17,0
DA:26,0
DA:28,0
DA:29,0
DA:37,0
DA:39,0
DA:51,0
DA:53,0
DA:58,0
DA:59,0
DA:60,0
DA:63,0
DA:74,0
DA:76,0
DA:78,0
DA:80,0
DA:90,0
DA:92,0
DA:94,0
DA:104,0
DA:106,0
DA:111,0
DA:112,0
DA:113,0
DA:116,0
DA:125,0
DA:127,0
LF:33
LH:0
BRDA:58,0,0,0
BRDA:111,1,0,0
BRF:2
BRH:0
end_of_record
TN:
SF:src/recommendations/recommendations.controller.ts
FN:29,(anonymous_4)
FN:49,(anonymous_5)
FN:72,(anonymous_6)
FN:95,(anonymous_7)
FNF:4
FNH:0
FNDA:0,(anonymous_4)
FNDA:0,(anonymous_5)
FNDA:0,(anonymous_6)
FNDA:0,(anonymous_7)
DA:1,0
DA:11,0
DA:19,0
DA:20,0
DA:21,0
DA:28,0
DA:29,0
DA:49,0
DA:53,0
DA:72,0
DA:75,0
DA:95,0
DA:99,0
LF:13
LH:0
BRF:0
BRH:0
end_of_record
TN:
SF:src/recommendations/recommendations.service.ts
FN:16,(anonymous_4)
FN:31,(anonymous_5)
FN:49,(anonymous_6)
FN:78,(anonymous_7)
FN:120,(anonymous_8)
FN:134,(anonymous_9)
FN:156,(anonymous_10)
FN:158,(anonymous_11)
FN:163,(anonymous_12)
FN:165,(anonymous_13)
FNF:10
FNH:0
FNDA:0,(anonymous_4)
FNDA:0,(anonymous_5)
FNDA:0,(anonymous_6)
FNDA:0,(anonymous_7)
FNDA:0,(anonymous_8)
FNDA:0,(anonymous_9)
FNDA:0,(anonymous_10)
FNDA:0,(anonymous_11)
FNDA:0,(anonymous_12)
FNDA:0,(anonymous_13)
DA:1,0
DA:2,0
DA:3,0
DA:4,0
DA:5,0
DA:6,0
DA:13,0
DA:14,0
DA:18,0
DA:20,0
DA:22,0
DA:32,0
DA:35,0
DA:40,0
DA:41,0
DA:42,0
DA:46,0
DA:49,0
DA:52,0
DA:64,0
DA:65,0
DA:66,0
DA:69,0
DA:79,0
DA:81,0
DA:107,0
DA:108,0
DA:111,0
DA:121,0
DA:124,0
DA:129,0
DA:130,0
DA:131,0
DA:134,0
DA:137,0
DA:148,0
DA:158,0
DA:161,0
DA:163,0
DA:164,0
DA:165,0
DA:166,0
DA:171,0
LF:43
LH:0
BRDA:31,0,0,0
BRDA:40,1,0,0
BRDA:64,2,0,0
BRDA:78,3,0,0
BRDA:78,4,0,0
BRDA:107,5,0,0
BRDA:120,6,0,0
BRDA:129,7,0,0
BRDA:164,8,0,0
BRDA:164,9,0,0
BRDA:164,9,1,0
BRF:11
BRH:0
end_of_record
TN:
SF:src/reviews/reviews.controller.ts
FN:37,(anonymous_4)
FN:54,(anonymous_5)
FN:84,(anonymous_6)
FN:115,(anonymous_7)
FN:147,(anonymous_8)
FN:167,(anonymous_9)
FN:188,(anonymous_10)
FN:209,(anonymous_11)
FN:234,(anonymous_12)
FNF:9
FNH:0
FNDA:0,(anonymous_4)
FNDA:0,(anonymous_5)
FNDA:0,(anonymous_6)
FNDA:0,(anonymous_7)
FNDA:0,(anonymous_8)
FNDA:0,(anonymous_9)
FNDA:0,(anonymous_10)
FNDA:0,(anonymous_11)
FNDA:0,(anonymous_12)
DA:1,0
DA:17,0
DA:25,0
DA:26,0
DA:27,0
DA:28,0
DA:29,0
DA:36,0
DA:37,0
DA:54,0
DA:58,0
DA:84,0
DA:88,0
DA:115,0
DA:120,0
DA:147,0
DA:152,0
DA:167,0
DA:168,0
DA:188,0
DA:193,0
DA:209,0
DA:213,0
DA:234,0
DA:235,0
DA:236,0
LF:26
LH:0
BRF:0
BRH:0
end_of_record
TN:
SF:src/reviews/reviews.service.ts
FN:15,(anonymous_4)
FN:26,(anonymous_5)
FN:56,(anonymous_6)
FN:76,(anonymous_7)
FN:97,(anonymous_8)
FN:117,(anonymous_9)
FN:142,(anonymous_10)
FN:166,(anonymous_11)
FN:185,(anonymous_12)
FNF:9
FNH:9
FNDA:18,(anonymous_4)
FNDA:2,(anonymous_5)
FNDA:2,(anonymous_6)
FNDA:2,(anonymous_7)
FNDA:2,(anonymous_8)
FNDA:2,(anonymous_9)
FNDA:3,(anonymous_10)
FNDA:2,(anonymous_11)
FNDA:2,(anonymous_12)
DA:1,1
DA:2,1
DA:3,1
DA:4,1
DA:12,1
DA:13,18
DA:17,18
DA:27,2
DA:30,2
DA:37,2
DA:38,1
DA:39,1
DA:42,1
DA:47,1
DA:57,2
DA:59,2
DA:66,2
DA:77,2
DA:79,2
DA:87,2
DA:98,2
DA:100,2
DA:108,2
DA:118,2
DA:120,2
DA:125,2
DA:126,1
DA:127,1
DA:130,1
DA:143,3
DA:145,3
DA:148,2
DA:149,1
DA:150,1
DA:153,1
DA:155,1
DA:167,2
DA:169,2
DA:172,2
DA:173,1
DA:174,1
DA:177,1
DA:186,2
DA:188,2
DA:194,2
LF:45
LH:45
BRDA:37,0,0,1
BRDA:56,1,0,1
BRDA:56,2,0,1
BRDA:76,3,0,1
BRDA:76,4,0,1
BRDA:97,5,0,1
BRDA:97,6,0,1
BRDA:125,7,0,1
BRDA:148,8,0,1
BRDA:172,9,0,1
BRDA:194,10,0,1
BRDA:194,10,1,1
BRF:12
BRH:12
end_of_record
TN:
SF:src/test/test-utils.ts
FN:11,createMockRepository
FN:44,(anonymous_1)
FN:53,createMockService
FN:62,createTestingModule
FN:72,provideMockRepository
FN:83,createMockJwtService
FN:85,(anonymous_6)
FN:95,createMockConfigService
FN:97,(anonymous_8)
FN:105,createMockLogger
FNF:10
FNH:0
FNDA:0,createMockRepository
FNDA:0,(anonymous_1)
FNDA:0,createMockService
FNDA:0,createTestingModule
FNDA:0,provideMockRepository
FNDA:0,createMockJwtService
FNDA:0,(anonymous_6)
FNDA:0,createMockConfigService
FNDA:0,(anonymous_8)
FNDA:0,createMockLogger
DA:2,0
DA:3,0
DA:11,0
DA:13,0
DA:37,0
DA:44,0
DA:53,0
DA:54,0
DA:62,0
DA:63,0
DA:64,0
DA:72,0
DA:73,0
DA:83,0
DA:84,0
DA:85,0
DA:95,0
DA:96,0
DA:97,0
DA:105,0
DA:106,0
LF:21
LH:0
BRDA:53,0,0,0
BRDA:95,1,0,0
BRF:2
BRH:0
end_of_record
TN:
SF:src/users/users.controller.ts
FN:35,(anonymous_4)
FN:48,(anonymous_5)
FN:64,(anonymous_6)
FN:82,(anonymous_7)
FN:100,(anonymous_8)
FN:123,(anonymous_9)
FN:146,(anonymous_10)
FNF:7
FNH:0
FNDA:0,(anonymous_4)
FNDA:0,(anonymous_5)
FNDA:0,(anonymous_6)
FNDA:0,(anonymous_7)
FNDA:0,(anonymous_8)
FNDA:0,(anonymous_9)
FNDA:0,(anonymous_10)
DA:1,0
DA:15,0
DA:23,0
DA:24,0
DA:25,0
DA:26,0
DA:27,0
DA:34,0
DA:35,0
DA:48,0
DA:49,0
DA:64,0
DA:65,0
DA:82,0
DA:83,0
DA:100,0
DA:106,0
DA:107,0
DA:109,0
DA:123,0
DA:128,0
DA:129,0
DA:131,0
DA:146,0
DA:147,0
LF:25
LH:0
BRDA:106,0,0,0
BRDA:106,1,0,0
BRDA:106,1,1,0
BRDA:128,2,0,0
BRDA:128,3,0,0
BRDA:128,3,1,0
BRF:6
BRH:0
end_of_record
TN:
SF:src/users/users.service.ts
FN:16,(anonymous_14)
FN:26,(anonymous_15)
FN:51,(anonymous_16)
FN:62,(anonymous_17)
FN:79,(anonymous_18)
FN:91,(anonymous_19)
FN:120,(anonymous_20)
FN:134,(anonymous_21)
FN:147,(anonymous_22)
FNF:9
FNH:0
FNDA:0,(anonymous_14)
FNDA:0,(anonymous_15)
FNDA:0,(anonymous_16)
FNDA:0,(anonymous_17)
FNDA:0,(anonymous_18)
FNDA:0,(anonymous_19)
FNDA:0,(anonymous_20)
FNDA:0,(anonymous_21)
FNDA:0,(anonymous_22)
DA:1,0
DA:2,0
DA:3,0
DA:4,0
DA:7,0
DA:13,0
DA:14,0
DA:18,0
DA:27,0
DA:30,0
DA:37,0
DA:43,0
DA:44,0
DA:52,0
DA:53,0
DA:63,0
DA:64,0
DA:66,0
DA:67,0
DA:68,0
DA:71,0
DA:80,0
DA:81,0
DA:92,0
DA:93,0
DA:96,0
DA:97,0
DA:105,0
DA:106,0
DA:110,0
DA:112,0
DA:121,0
DA:122,0
DA:124,0
DA:125,0
DA:135,0
DA:136,0
DA:138,0
DA:148,0
DA:149,0
DA:151,0
DA:152,0
DA:155,0
DA:156,0
DA:157,0
DA:159,0
DA:160,0
LF:47
LH:0
BRDA:66,0,0,0
BRDA:96,1,0,0
BRDA:151,2,0,0
BRDA:157,3,0,0
BRDA:157,3,1,0
BRF:5
BRH:0
end_of_record
