TN:
SF:src/app.module.d.ts
FNF:0
FNH:0
LF:0
LH:0
BRF:0
BRH:0
end_of_record
TN:
SF:src/auth/auth.controller.ts
FN:28,(anonymous_4)
FN:55,(anonymous_5)
FN:89,(anonymous_6)
FN:103,(anonymous_7)
FNF:4
FNH:4
FNDA:7,(anonymous_4)
FNDA:2,(anonymous_5)
FNDA:1,(anonymous_6)
FNDA:1,(anonymous_7)
DA:1,4
DA:10,4
DA:16,4
DA:17,4
DA:18,4
DA:19,4
DA:20,4
DA:27,4
DA:28,7
DA:55,4
DA:56,2
DA:89,4
DA:90,1
DA:103,4
DA:104,1
LF:15
LH:15
BRF:0
BRH:0
end_of_record
TN:
SF:src/auth/auth.service.ts
FN:13,(anonymous_2)
FN:24,(anonymous_3)
FN:34,(anonymous_4)
FN:64,(anonymous_5)
FNF:4
FNH:4
FNDA:7,(anonymous_2)
FNDA:2,(anonymous_3)
FNDA:2,(anonymous_4)
FNDA:2,(anonymous_5)
DA:1,6
DA:2,6
DA:3,6
DA:10,6
DA:11,7
DA:14,7
DA:15,7
DA:25,2
DA:26,2
DA:35,2
DA:38,2
DA:40,2
DA:46,2
DA:65,2
DA:68,2
DA:69,2
DA:70,1
DA:74,1
DA:81,1
LF:19
LH:19
BRDA:43,0,0,2
BRDA:43,0,1,1
BRDA:52,1,0,2
BRDA:52,1,1,1
BRDA:69,2,0,1
BRF:5
BRH:5
end_of_record
TN:
SF:src/auth/decorators/roles.decorator.ts
FN:12,(anonymous_0)
FNF:1
FNH:1
FNDA:24,(anonymous_0)
DA:1,6
DA:6,6
DA:12,24
LF:3
LH:3
BRF:0
BRH:0
end_of_record
TN:
SF:src/auth/guards/jwt-auth.guard.ts
FN:15,(anonymous_1)
FN:42,(anonymous_2)
FNF:2
FNH:1
FNDA:0,(anonymous_1)
FNDA:4,(anonymous_2)
DA:1,11
DA:2,11
DA:9,11
DA:19,0
DA:20,0
DA:21,0
DA:24,0
DA:25,0
DA:27,0
DA:28,0
DA:29,0
DA:30,0
DA:32,0
DA:35,0
DA:43,4
DA:44,3
DA:46,1
LF:17
LH:6
BRDA:27,0,0,0
BRDA:27,0,1,0
BRDA:29,1,0,0
BRDA:29,1,1,0
BRDA:43,2,0,3
BRDA:43,3,0,4
BRDA:43,3,1,3
BRDA:44,4,0,3
BRDA:44,4,1,2
BRF:9
BRH:5
end_of_record
TN:
SF:src/auth/guards/local-auth.guard.ts
FNF:0
FNH:0
DA:1,5
DA:2,5
DA:8,5
LF:3
LH:3
BRF:0
BRH:0
end_of_record
TN:
SF:src/auth/guards/roles.guard.ts
FN:10,(anonymous_2)
FN:17,(anonymous_3)
FN:31,(anonymous_4)
FNF:3
FNH:3
FNDA:31,(anonymous_2)
FNDA:6,(anonymous_3)
FNDA:4,(anonymous_4)
DA:1,6
DA:2,6
DA:3,6
DA:9,6
DA:10,31
DA:18,6
DA:24,6
DA:25,2
DA:28,4
DA:31,4
DA:33,3
DA:34,2
DA:37,1
LF:13
LH:13
BRDA:24,0,0,2
BRDA:24,1,0,6
BRDA:24,1,1,5
BRDA:33,2,0,2
BRF:4
BRH:4
end_of_record
TN:
SF:src/auth/strategies/jwt.strategy.ts
FN:21,(anonymous_2)
FN:37,(anonymous_3)
FNF:2
FNH:2
FNDA:5,(anonymous_2)
FNDA:4,(anonymous_3)
DA:1,3
DA:2,3
DA:3,3
DA:4,3
DA:5,3
DA:20,3
DA:22,5
DA:23,5
DA:25,5
DA:38,4
DA:40,4
DA:41,2
DA:44,2
LF:13
LH:13
BRDA:28,0,0,5
BRDA:28,0,1,0
BRDA:40,1,0,2
BRDA:47,2,0,2
BRDA:47,2,1,1
BRF:5
BRH:4
end_of_record
TN:
SF:src/auth/strategies/local.strategy.ts
FN:11,(anonymous_2)
FN:24,(anonymous_3)
FNF:2
FNH:2
FNDA:4,(anonymous_2)
FNDA:3,(anonymous_3)
DA:1,3
DA:2,3
DA:3,3
DA:4,3
DA:10,3
DA:11,4
DA:12,4
DA:25,3
DA:27,3
DA:28,2
DA:31,1
LF:11
LH:11
BRDA:27,0,0,2
BRF:1
BRH:1
end_of_record
TN:
SF:src/books/books.controller.ts
FN:38,(anonymous_4)
FN:56,(anonymous_5)
FN:83,(anonymous_6)
FN:114,(anonymous_7)
FN:134,(anonymous_8)
FN:156,(anonymous_9)
FN:177,(anonymous_10)
FNF:7
FNH:7
FNDA:14,(anonymous_4)
FNDA:1,(anonymous_5)
FNDA:2,(anonymous_6)
FNDA:2,(anonymous_7)
FNDA:2,(anonymous_8)
FNDA:2,(anonymous_9)
FNDA:2,(anonymous_10)
DA:1,4
DA:16,4
DA:24,4
DA:25,4
DA:26,4
DA:27,4
DA:28,4
DA:29,4
DA:30,4
DA:37,4
DA:38,14
DA:56,4
DA:57,1
DA:83,4
DA:87,2
DA:114,4
DA:119,2
DA:134,4
DA:135,2
DA:156,4
DA:160,2
DA:177,4
DA:178,2
LF:23
LH:23
BRF:0
BRH:0
end_of_record
TN:
SF:src/books/books.service.ts
FN:17,(anonymous_5)
FN:31,(anonymous_6)
FN:54,(anonymous_7)
FN:72,(anonymous_8)
FN:95,(anonymous_9)
FN:120,(anonymous_10)
FN:144,(anonymous_11)
FN:162,(anonymous_12)
FN:169,(anonymous_13)
FN:181,(anonymous_14)
FNF:10
FNH:10
FNDA:16,(anonymous_5)
FNDA:2,(anonymous_6)
FNDA:3,(anonymous_7)
FNDA:2,(anonymous_8)
FNDA:3,(anonymous_9)
FNDA:2,(anonymous_10)
FNDA:1,(anonymous_11)
FNDA:2,(anonymous_12)
FNDA:2,(anonymous_13)
FNDA:2,(anonymous_14)
DA:1,11
DA:2,11
DA:3,11
DA:4,11
DA:7,11
DA:8,11
DA:14,11
DA:15,16
DA:19,16
DA:21,16
DA:23,16
DA:32,2
DA:34,2
DA:37,2
DA:38,2
DA:41,2
DA:42,1
DA:45,2
DA:55,3
DA:57,3
DA:63,3
DA:73,2
DA:75,2
DA:80,2
DA:81,1
DA:82,1
DA:85,1
DA:96,3
DA:98,3
DA:110,3
DA:121,2
DA:123,2
DA:124,2
DA:127,2
DA:128,2
DA:131,2
DA:132,1
DA:135,2
DA:145,1
DA:147,1
DA:150,1
DA:153,1
DA:163,2
DA:166,2
DA:169,2
DA:170,2
DA:173,2
DA:182,2
DA:184,2
DA:191,2
LF:50
LH:50
BRDA:41,0,0,1
BRDA:41,1,0,2
BRDA:41,1,1,1
BRDA:54,2,0,1
BRDA:54,3,0,2
BRDA:80,4,0,1
BRDA:95,5,0,1
BRDA:95,6,0,2
BRDA:131,7,0,1
BRDA:192,8,0,1
BRDA:192,8,1,1
BRDA:193,9,0,1
BRDA:193,9,1,1
BRF:13
BRH:13
end_of_record
TN:
SF:src/common/health/health.controller.ts
FN:17,(anonymous_2)
FN:47,(anonymous_3)
FN:50,(anonymous_4)
FN:53,(anonymous_5)
FN:56,(anonymous_6)
FN:79,(anonymous_7)
FNF:6
FNH:6
FNDA:3,(anonymous_2)
FNDA:1,(anonymous_3)
FNDA:1,(anonymous_4)
FNDA:1,(anonymous_5)
FNDA:1,(anonymous_6)
FNDA:1,(anonymous_7)
DA:1,3
DA:2,3
DA:3,3
DA:16,3
DA:18,3
DA:19,3
DA:20,3
DA:21,3
DA:47,3
DA:48,1
DA:50,1
DA:53,1
DA:56,1
DA:79,3
DA:80,1
LF:15
LH:15
BRF:0
BRH:0
end_of_record
TN:
SF:src/common/logging/winston-logger.service.ts
FN:13,(anonymous_12)
FN:30,(anonymous_13)
FN:81,(anonymous_14)
FN:91,(anonymous_15)
FN:100,(anonymous_16)
FN:109,(anonymous_17)
FN:118,(anonymous_18)
FNF:7
FNH:7
FNDA:15,(anonymous_12)
FNDA:14,(anonymous_13)
FNDA:2,(anonymous_14)
FNDA:2,(anonymous_15)
FNDA:1,(anonymous_16)
FNDA:1,(anonymous_17)
FNDA:1,(anonymous_18)
DA:1,2
DA:2,2
DA:3,2
DA:4,2
DA:10,2
DA:13,15
DA:14,15
DA:15,15
DA:18,15
DA:25,15
DA:30,14
DA:31,14
DA:40,15
DA:42,1
DA:54,1
DA:68,15
DA:82,2
DA:92,2
DA:101,1
DA:110,1
DA:119,1
LF:21
LH:21
BRDA:14,0,0,15
BRDA:14,0,1,13
BRDA:31,1,0,14
BRDA:31,1,1,0
BRDA:32,2,0,14
BRDA:32,2,1,0
BRDA:40,3,0,1
BRDA:69,4,0,1
BRDA:69,4,1,14
BRF:9
BRH:7
end_of_record
TN:
SF:src/common/services/openai.service.ts
FN:15,(anonymous_3)
FN:26,(anonymous_4)
FN:43,(anonymous_5)
FN:47,(anonymous_6)
FN:109,(anonymous_7)
FNF:5
FNH:0
FNDA:0,(anonymous_3)
FNDA:0,(anonymous_4)
FNDA:0,(anonymous_5)
FNDA:0,(anonymous_6)
FNDA:0,(anonymous_7)
DA:1,5
DA:2,5
DA:3,5
DA:10,5
DA:11,0
DA:13,0
DA:15,0
DA:16,0
DA:36,0
DA:37,0
DA:38,0
DA:39,0
DA:43,0
DA:47,0
DA:53,0
DA:68,0
DA:94,0
DA:95,0
DA:96,0
DA:100,0
DA:101,0
DA:102,0
DA:105,0
DA:106,0
DA:109,0
DA:111,0
DA:112,0
DA:115,0
DA:116,0
LF:29
LH:4
BRDA:34,0,0,0
BRDA:37,1,0,0
BRDA:47,2,0,0
BRDA:47,2,1,0
BRDA:47,3,0,0
BRDA:47,3,1,0
BRDA:47,4,0,0
BRDA:47,4,1,0
BRDA:47,5,0,0
BRDA:47,5,1,0
BRDA:47,6,0,0
BRDA:47,6,1,0
BRDA:49,7,0,0
BRDA:49,7,1,0
BRDA:49,8,0,0
BRDA:49,8,1,0
BRDA:94,9,0,0
BRDA:94,9,1,0
BRDA:94,10,0,0
BRDA:94,10,1,0
BRDA:94,11,0,0
BRDA:94,11,1,0
BRDA:94,12,0,0
BRDA:94,12,1,0
BRDA:95,13,0,0
BRDA:101,14,0,0
BRF:26
BRH:0
end_of_record
TN:
SF:src/common/swagger/swagger.config.ts
FN:8,setupSwagger
FNF:1
FNH:1
FNDA:1,setupSwagger
DA:1,1
DA:8,1
DA:9,1
DA:31,1
DA:32,1
LF:5
LH:5
BRF:0
BRH:0
end_of_record
TN:
SF:src/config/database.config.ts
FNF:0
FNH:0
DA:2,2
DA:4,2
DA:9,2
LF:3
LH:3
BRDA:11,0,0,2
BRDA:11,0,1,1
BRDA:12,1,0,2
BRDA:12,1,1,1
BRDA:13,2,0,2
BRDA:13,2,1,1
BRDA:14,3,0,2
BRDA:14,3,1,1
BRDA:15,4,0,2
BRDA:15,4,1,1
BRDA:16,5,0,2
BRDA:16,5,1,1
BRDA:25,6,0,0
BRDA:25,6,1,2
BRF:14
BRH:13
end_of_record
TN:
SF:src/config/pgbouncer.config.ts
FNF:0
FNH:0
DA:1,2
DA:3,2
DA:8,2
LF:3
LH:3
BRDA:10,0,0,2
BRDA:10,0,1,2
BRDA:11,1,0,2
BRDA:11,1,1,2
BRDA:40,2,0,2
BRDA:40,2,1,1
BRDA:41,3,0,2
BRDA:41,3,1,1
BRDA:42,4,0,2
BRDA:42,4,1,1
BRDA:43,5,0,2
BRDA:43,5,1,1
BRDA:44,6,0,2
BRDA:44,6,1,1
BRF:14
BRH:14
end_of_record
TN:
SF:src/config/security.config.ts
FNF:0
FNH:0
DA:1,2
DA:3,2
DA:8,2
LF:3
LH:3
BRF:0
BRH:0
end_of_record
TN:
SF:src/database/data-source.ts
FNF:0
FNH:0
DA:1,4
DA:2,4
DA:4,4
DA:10,4
DA:25,4
DA:26,4
LF:6
LH:6
BRDA:12,0,0,4
BRDA:12,0,1,3
BRDA:13,1,0,4
BRDA:13,1,1,3
BRDA:14,2,0,4
BRDA:14,2,1,3
BRDA:15,3,0,4
BRDA:15,3,1,3
BRDA:16,4,0,4
BRDA:16,4,1,3
BRDA:17,5,0,4
BRDA:17,5,1,3
BRDA:22,6,0,1
BRDA:22,6,1,3
BRF:14
BRH:14
end_of_record
TN:
SF:src/database/database-security.service.ts
FN:12,(anonymous_2)
FN:19,(anonymous_3)
FN:48,(anonymous_4)
FNF:3
FNH:3
FNDA:4,(anonymous_2)
FNDA:4,(anonymous_3)
FNDA:2,(anonymous_4)
DA:1,3
DA:2,3
DA:3,3
DA:9,3
DA:10,4
DA:12,4
DA:13,4
DA:20,4
DA:22,4
DA:27,4
DA:32,4
DA:33,0
DA:37,4
DA:39,0
DA:40,0
DA:49,2
DA:51,2
DA:66,1
DA:72,1
DA:74,1
DA:75,1
LF:21
LH:18
BRDA:32,0,0,0
BRF:1
BRH:0
end_of_record
TN:
SF:src/database/pgbouncer.service.ts
FN:12,(anonymous_2)
FN:17,(anonymous_3)
FN:30,(anonymous_4)
FN:50,(anonymous_5)
FNF:4
FNH:4
FNDA:7,(anonymous_2)
FNDA:2,(anonymous_3)
FNDA:4,(anonymous_4)
FNDA:2,(anonymous_5)
DA:1,3
DA:2,3
DA:3,3
DA:9,3
DA:10,7
DA:12,7
DA:18,2
DA:20,2
DA:21,1
DA:23,1
DA:31,4
DA:33,4
DA:36,2
DA:39,2
DA:40,2
DA:42,2
DA:43,2
DA:51,2
DA:54,2
DA:62,1
DA:64,1
DA:65,1
LF:22
LH:22
BRF:0
BRH:0
end_of_record
TN:
SF:src/database/entities/index.ts
FNF:0
FNH:0
DA:1,0
DA:2,0
DA:3,0
DA:4,0
DA:5,0
LF:5
LH:0
BRF:0
BRH:0
end_of_record
TN:
SF:src/favorites/favorites.controller.ts
FN:15,(anonymous_4)
FN:27,(anonymous_5)
FN:44,(anonymous_6)
FN:59,(anonymous_7)
FN:74,(anonymous_8)
FN:78,(anonymous_9)
FN:96,(anonymous_10)
FNF:7
FNH:6
FNDA:8,(anonymous_4)
FNDA:2,(anonymous_5)
FNDA:2,(anonymous_6)
FNDA:2,(anonymous_7)
FNDA:1,(anonymous_8)
FNDA:1,(anonymous_9)
FNDA:0,(anonymous_10)
DA:1,3
DA:2,3
DA:3,3
DA:4,3
DA:5,3
DA:14,3
DA:15,8
DA:27,3
DA:31,2
DA:44,3
DA:48,2
DA:59,3
DA:63,2
DA:64,2
DA:74,3
DA:75,1
DA:78,1
DA:80,1
DA:81,0
DA:82,0
DA:86,1
DA:87,1
DA:89,0
DA:90,0
DA:94,1
DA:95,1
DA:96,0
DA:97,0
DA:98,0
DA:102,1
DA:105,1
DA:107,1
LF:32
LH:25
BRDA:80,0,0,0
BRDA:86,1,0,1
BRDA:86,1,1,0
BRDA:95,2,0,0
BRDA:95,3,0,1
BRDA:95,3,1,1
BRDA:97,4,0,0
BRDA:97,5,0,0
BRDA:97,5,1,0
BRDA:105,6,0,0
BRF:10
BRH:3
end_of_record
TN:
SF:src/favorites/favorites.service.ts
FN:13,(anonymous_4)
FN:26,(anonymous_5)
FN:56,(anonymous_6)
FN:73,(anonymous_7)
FN:86,(anonymous_8)
FN:101,(anonymous_9)
FNF:6
FNH:6
FNDA:11,(anonymous_4)
FNDA:4,(anonymous_5)
FNDA:2,(anonymous_6)
FNDA:2,(anonymous_7)
FNDA:2,(anonymous_8)
FNDA:1,(anonymous_9)
DA:1,7
DA:2,7
DA:3,7
DA:4,7
DA:5,7
DA:6,7
DA:12,7
DA:15,11
DA:16,11
DA:17,11
DA:28,4
DA:31,3
DA:34,2
DA:38,2
DA:39,1
DA:43,1
DA:48,1
DA:57,2
DA:62,2
DA:63,1
DA:74,2
DA:78,2
DA:88,2
DA:91,1
DA:101,1
DA:103,0
DA:104,0
DA:105,0
DA:107,0
DA:108,0
DA:111,0
DA:117,1
LF:32
LH:26
BRDA:38,0,0,1
BRDA:62,1,0,1
BRDA:101,2,0,0
BRDA:101,3,0,1
BRDA:101,3,1,1
BRDA:104,4,0,0
BRF:6
BRH:4
end_of_record
TN:
SF:src/genres/genres.controller.ts
FN:34,(anonymous_4)
FN:52,(anonymous_5)
FN:66,(anonymous_6)
FN:82,(anonymous_7)
FN:104,(anonymous_8)
FN:125,(anonymous_9)
FN:141,(anonymous_10)
FNF:7
FNH:7
FNDA:13,(anonymous_4)
FNDA:1,(anonymous_5)
FNDA:1,(anonymous_6)
FNDA:2,(anonymous_7)
FNDA:2,(anonymous_8)
FNDA:2,(anonymous_9)
FNDA:2,(anonymous_10)
DA:1,4
DA:13,4
DA:20,4
DA:21,4
DA:22,4
DA:23,4
DA:24,4
DA:25,4
DA:26,4
DA:33,4
DA:34,13
DA:52,4
DA:53,1
DA:66,4
DA:67,1
DA:82,4
DA:83,2
DA:104,4
DA:108,2
DA:125,4
DA:126,2
DA:141,4
DA:142,2
LF:23
LH:23
BRF:0
BRH:0
end_of_record
TN:
SF:src/genres/genres.service.ts
FN:15,(anonymous_4)
FN:25,(anonymous_5)
FN:36,(anonymous_6)
FN:50,(anonymous_7)
FN:73,(anonymous_8)
FN:89,(anonymous_9)
FN:103,(anonymous_10)
FN:124,(anonymous_11)
FNF:8
FNH:8
FNDA:12,(anonymous_4)
FNDA:1,(anonymous_5)
FNDA:1,(anonymous_6)
FNDA:2,(anonymous_7)
FNDA:2,(anonymous_8)
FNDA:2,(anonymous_9)
FNDA:2,(anonymous_10)
FNDA:1,(anonymous_11)
DA:1,5
DA:2,5
DA:3,5
DA:4,5
DA:12,5
DA:13,12
DA:17,12
DA:26,1
DA:28,1
DA:29,1
DA:37,1
DA:39,1
DA:51,2
DA:53,2
DA:58,2
DA:59,1
DA:60,1
DA:63,1
DA:74,2
DA:76,2
DA:78,1
DA:80,1
DA:90,2
DA:92,2
DA:94,1
DA:104,2
DA:106,2
DA:111,2
DA:112,1
DA:113,1
DA:116,1
DA:125,1
DA:127,1
LF:33
LH:33
BRDA:58,0,0,1
BRDA:111,1,0,1
BRF:2
BRH:2
end_of_record
TN:
SF:src/recommendations/recommendations.controller.ts
FN:27,(anonymous_4)
FN:41,(anonymous_5)
FN:68,(anonymous_6)
FN:106,(anonymous_7)
FN:140,(anonymous_8)
FN:163,(anonymous_9)
FN:188,(anonymous_10)
FNF:7
FNH:5
FNDA:4,(anonymous_4)
FNDA:13,(anonymous_5)
FNDA:6,(anonymous_6)
FNDA:2,(anonymous_7)
FNDA:0,(anonymous_8)
FNDA:2,(anonymous_9)
FNDA:0,(anonymous_10)
DA:1,4
DA:12,4
DA:20,4
DA:21,4
DA:22,4
DA:27,4
DA:28,4
DA:29,4
DA:30,4
DA:31,4
DA:32,4
DA:40,4
DA:41,13
DA:68,4
DA:73,6
DA:75,6
DA:77,1
DA:79,1
DA:81,1
DA:83,1
DA:86,2
DA:106,4
DA:109,2
DA:140,4
DA:143,0
DA:163,4
DA:167,2
DA:188,4
DA:192,0
LF:29
LH:27
BRDA:27,0,0,4
BRDA:27,0,1,4
BRDA:75,1,0,1
BRDA:75,1,1,1
BRDA:75,1,2,1
BRDA:75,1,3,1
BRDA:75,1,4,2
BRDA:75,1,5,2
BRF:8
BRH:8
end_of_record
TN:
SF:src/recommendations/recommendations.service.ts
FN:19,(anonymous_4)
FN:38,(anonymous_5)
FN:57,(anonymous_6)
FN:58,(anonymous_7)
FN:91,(anonymous_8)
FN:102,(anonymous_9)
FN:104,(anonymous_10)
FN:126,(anonymous_11)
FN:141,(anonymous_12)
FN:155,(anonymous_13)
FN:160,(anonymous_14)
FN:163,(anonymous_15)
FN:177,(anonymous_16)
FN:179,(anonymous_17)
FN:184,(anonymous_18)
FN:186,(anonymous_19)
FN:201,(anonymous_20)
FN:212,(anonymous_21)
FN:214,(anonymous_22)
FN:216,(anonymous_23)
FN:232,(anonymous_24)
FN:264,(anonymous_25)
FN:271,(anonymous_26)
FN:274,(anonymous_27)
FN:290,(anonymous_28)
FN:309,(anonymous_29)
FN:318,(anonymous_30)
FN:334,(anonymous_31)
FN:335,(anonymous_32)
FN:345,(anonymous_33)
FN:358,(anonymous_34)
FN:360,(anonymous_35)
FN:363,(anonymous_36)
FN:377,(anonymous_37)
FN:406,(anonymous_38)
FN:422,(anonymous_39)
FN:433,(anonymous_40)
FN:445,(anonymous_41)
FN:459,(anonymous_42)
FN:482,(anonymous_43)
FN:485,(anonymous_44)
FNF:41
FNH:30
FNDA:13,(anonymous_4)
FNDA:3,(anonymous_5)
FNDA:1,(anonymous_6)
FNDA:0,(anonymous_7)
FNDA:0,(anonymous_8)
FNDA:0,(anonymous_9)
FNDA:0,(anonymous_10)
FNDA:0,(anonymous_11)
FNDA:0,(anonymous_12)
FNDA:0,(anonymous_13)
FNDA:0,(anonymous_14)
FNDA:0,(anonymous_15)
FNDA:1,(anonymous_16)
FNDA:1,(anonymous_17)
FNDA:1,(anonymous_18)
FNDA:1,(anonymous_19)
FNDA:3,(anonymous_20)
FNDA:4,(anonymous_21)
FNDA:3,(anonymous_22)
FNDA:1,(anonymous_23)
FNDA:2,(anonymous_24)
FNDA:2,(anonymous_25)
FNDA:2,(anonymous_26)
FNDA:1,(anonymous_27)
FNDA:2,(anonymous_28)
FNDA:1,(anonymous_29)
FNDA:1,(anonymous_30)
FNDA:2,(anonymous_31)
FNDA:2,(anonymous_32)
FNDA:2,(anonymous_33)
FNDA:2,(anonymous_34)
FNDA:1,(anonymous_35)
FNDA:2,(anonymous_36)
FNDA:2,(anonymous_37)
FNDA:1,(anonymous_38)
FNDA:1,(anonymous_39)
FNDA:1,(anonymous_40)
FNDA:1,(anonymous_41)
FNDA:2,(anonymous_42)
FNDA:0,(anonymous_43)
FNDA:0,(anonymous_44)
DA:1,5
DA:2,5
DA:3,5
DA:4,5
DA:5,5
DA:6,5
DA:7,5
DA:8,5
DA:9,5
DA:16,5
DA:17,13
DA:21,13
DA:23,13
DA:25,13
DA:26,13
DA:27,13
DA:29,13
DA:39,3
DA:41,3
DA:43,3
DA:49,3
DA:51,3
DA:52,2
DA:53,2
DA:57,1
DA:58,1
DA:59,1
DA:62,1
DA:74,1
DA:75,1
DA:77,1
DA:79,0
DA:81,0
DA:92,0
DA:94,0
DA:96,0
DA:101,0
DA:102,0
DA:106,0
DA:107,0
DA:110,0
DA:115,0
DA:116,0
DA:127,0
DA:129,0
DA:131,0
DA:136,0
DA:137,0
DA:138,0
DA:141,0
DA:143,0
DA:144,0
DA:145,0
DA:149,0
DA:154,0
DA:157,0
DA:160,0
DA:163,0
DA:167,0
DA:168,0
DA:179,1
DA:182,1
DA:184,1
DA:185,1
DA:186,1
DA:187,1
DA:192,1
DA:202,3
DA:204,3
DA:206,3
DA:211,2
DA:212,4
DA:214,3
DA:216,1
DA:220,1
DA:221,1
DA:237,2
DA:239,2
DA:241,2
DA:246,2
DA:247,1
DA:251,1
DA:253,1
DA:254,0
DA:258,1
DA:263,1
DA:266,2
DA:267,0
DA:271,2
DA:274,1
DA:278,0
DA:279,0
DA:295,2
DA:297,2
DA:299,2
DA:301,2
DA:302,1
DA:306,1
DA:307,1
DA:309,1
DA:310,1
DA:312,1
DA:313,1
DA:317,1
DA:318,1
DA:319,1
DA:320,1
DA:328,1
DA:333,1
DA:334,2
DA:336,2
DA:339,2
DA:340,2
DA:344,2
DA:345,2
DA:346,2
DA:347,2
DA:353,2
DA:355,2
DA:358,2
DA:360,1
DA:363,2
DA:365,0
DA:366,0
DA:382,2
DA:384,2
DA:386,2
DA:394,2
DA:395,1
DA:396,1
DA:400,1
DA:401,1
DA:402,1
DA:403,1
DA:406,1
DA:407,1
DA:409,1
DA:412,1
DA:413,1
DA:416,1
DA:417,1
DA:421,1
DA:422,1
DA:423,1
DA:424,1
DA:433,1
DA:434,1
DA:436,1
DA:439,1
DA:440,1
DA:444,1
DA:445,1
DA:446,1
DA:447,1
DA:455,1
DA:459,2
DA:462,1
DA:470,1
DA:472,0
DA:473,0
DA:483,0
DA:485,0
DA:486,0
DA:487,0
DA:491,0
LF:165
LH:123
BRDA:38,0,0,1
BRDA:51,1,0,2
BRDA:51,2,0,3
BRDA:51,2,1,2
BRDA:91,3,0,0
BRDA:91,4,0,0
BRDA:106,5,0,0
BRDA:106,5,1,0
BRDA:106,6,0,0
BRDA:106,6,1,0
BRDA:107,7,0,0
BRDA:110,8,0,0
BRDA:110,8,1,0
BRDA:110,9,0,0
BRDA:110,9,1,0
BRDA:126,10,0,0
BRDA:136,11,0,0
BRDA:143,12,0,0
BRDA:157,13,0,0
BRDA:163,14,0,0
BRDA:163,14,1,0
BRDA:163,15,0,0
BRDA:163,15,1,0
BRDA:185,16,0,1
BRDA:185,17,0,1
BRDA:185,17,1,1
BRDA:201,18,0,0
BRDA:201,19,0,2
BRDA:214,20,0,3
BRDA:214,20,1,3
BRDA:214,21,0,3
BRDA:214,21,1,0
BRDA:214,22,0,3
BRDA:214,22,1,0
BRDA:216,23,0,1
BRDA:216,23,1,0
BRDA:216,24,0,1
BRDA:216,24,1,0
BRDA:234,25,0,0
BRDA:235,26,0,2
BRDA:246,27,0,1
BRDA:253,28,0,0
BRDA:266,29,0,0
BRDA:274,30,0,1
BRDA:274,30,1,0
BRDA:274,31,0,1
BRDA:274,31,1,0
BRDA:292,32,0,0
BRDA:293,33,0,2
BRDA:301,34,0,1
BRDA:310,35,0,1
BRDA:312,36,0,1
BRDA:317,37,0,1
BRDA:319,38,0,1
BRDA:339,39,0,2
BRDA:339,40,0,2
BRDA:339,40,1,2
BRDA:344,41,0,2
BRDA:346,42,0,2
BRDA:346,43,0,2
BRDA:346,43,1,2
BRDA:353,44,0,2
BRDA:353,44,1,0
BRDA:379,45,0,0
BRDA:380,46,0,2
BRDA:394,47,0,1
BRDA:394,48,0,2
BRDA:394,48,1,1
BRDA:407,49,0,1
BRDA:412,50,0,1
BRDA:416,51,0,1
BRDA:421,52,0,1
BRDA:423,53,0,1
BRDA:423,54,0,1
BRDA:423,54,1,1
BRDA:434,55,0,1
BRDA:439,56,0,1
BRDA:444,57,0,1
BRDA:446,58,0,1
BRDA:446,59,0,1
BRDA:446,59,1,1
BRDA:486,60,0,0
BRF:82
BRH:49
end_of_record
TN:
SF:src/reviews/reviews.controller.ts
FN:37,(anonymous_4)
FN:54,(anonymous_5)
FN:84,(anonymous_6)
FN:115,(anonymous_7)
FN:147,(anonymous_8)
FN:167,(anonymous_9)
FN:188,(anonymous_10)
FN:209,(anonymous_11)
FN:234,(anonymous_12)
FNF:9
FNH:9
FNDA:14,(anonymous_4)
FNDA:1,(anonymous_5)
FNDA:1,(anonymous_6)
FNDA:1,(anonymous_7)
FNDA:1,(anonymous_8)
FNDA:2,(anonymous_9)
FNDA:2,(anonymous_10)
FNDA:2,(anonymous_11)
FNDA:1,(anonymous_12)
DA:1,4
DA:17,4
DA:25,4
DA:26,4
DA:27,4
DA:28,4
DA:29,4
DA:36,4
DA:37,14
DA:54,4
DA:58,1
DA:84,4
DA:88,1
DA:115,4
DA:120,1
DA:147,4
DA:152,1
DA:167,4
DA:168,2
DA:188,4
DA:193,2
DA:209,4
DA:213,2
DA:234,4
DA:235,1
DA:236,1
LF:26
LH:26
BRF:0
BRH:0
end_of_record
TN:
SF:src/reviews/reviews.service.ts
FN:16,(anonymous_4)
FN:28,(anonymous_5)
FN:63,(anonymous_6)
FN:83,(anonymous_7)
FN:104,(anonymous_8)
FN:124,(anonymous_9)
FN:149,(anonymous_10)
FN:178,(anonymous_11)
FN:201,(anonymous_12)
FN:218,(anonymous_13)
FNF:10
FNH:10
FNDA:20,(anonymous_4)
FNDA:2,(anonymous_5)
FNDA:2,(anonymous_6)
FNDA:2,(anonymous_7)
FNDA:2,(anonymous_8)
FNDA:2,(anonymous_9)
FNDA:3,(anonymous_10)
FNDA:2,(anonymous_11)
FNDA:2,(anonymous_12)
FNDA:5,(anonymous_13)
DA:1,5
DA:2,5
DA:3,5
DA:4,5
DA:7,5
DA:13,5
DA:14,20
DA:18,20
DA:19,20
DA:29,2
DA:32,2
DA:39,2
DA:40,1
DA:41,1
DA:44,1
DA:49,1
DA:52,1
DA:54,1
DA:64,2
DA:66,2
DA:73,2
DA:84,2
DA:86,2
DA:94,2
DA:105,2
DA:107,2
DA:115,2
DA:125,2
DA:127,2
DA:132,2
DA:133,1
DA:134,1
DA:137,1
DA:150,3
DA:152,3
DA:155,2
DA:156,1
DA:157,1
DA:160,1
DA:162,1
DA:165,1
DA:167,1
DA:179,2
DA:181,2
DA:182,2
DA:185,2
DA:186,1
DA:187,1
DA:190,1
DA:193,1
DA:202,2
DA:204,2
DA:210,2
DA:219,5
DA:220,5
DA:222,5
DA:224,1
LF:57
LH:57
BRDA:39,0,0,1
BRDA:63,1,0,1
BRDA:63,2,0,1
BRDA:83,3,0,1
BRDA:83,4,0,1
BRDA:104,5,0,1
BRDA:104,6,0,1
BRDA:132,7,0,1
BRDA:155,8,0,1
BRDA:185,9,0,1
BRDA:210,10,0,1
BRDA:210,10,1,1
BRF:12
BRH:12
end_of_record
TN:
SF:src/test/test-utils.ts
FN:11,createMockRepository
FN:44,(anonymous_1)
FN:53,createMockService
FN:62,createTestingModule
FN:72,provideMockRepository
FN:83,createMockJwtService
FN:85,(anonymous_6)
FN:95,createMockConfigService
FN:97,(anonymous_8)
FN:105,createMockLogger
FNF:10
FNH:0
FNDA:0,createMockRepository
FNDA:0,(anonymous_1)
FNDA:0,createMockService
FNDA:0,createTestingModule
FNDA:0,provideMockRepository
FNDA:0,createMockJwtService
FNDA:0,(anonymous_6)
FNDA:0,createMockConfigService
FNDA:0,(anonymous_8)
FNDA:0,createMockLogger
DA:2,0
DA:3,0
DA:11,0
DA:13,0
DA:37,0
DA:44,0
DA:53,0
DA:54,0
DA:62,0
DA:63,0
DA:64,0
DA:72,0
DA:73,0
DA:83,0
DA:84,0
DA:85,0
DA:95,0
DA:96,0
DA:97,0
DA:105,0
DA:106,0
LF:21
LH:0
BRDA:53,0,0,0
BRDA:95,1,0,0
BRF:2
BRH:0
end_of_record
TN:
SF:src/users/users.controller.ts
FN:35,(anonymous_4)
FN:48,(anonymous_5)
FN:64,(anonymous_6)
FN:82,(anonymous_7)
FN:100,(anonymous_8)
FN:123,(anonymous_9)
FN:146,(anonymous_10)
FNF:7
FNH:7
FNDA:14,(anonymous_4)
FNDA:1,(anonymous_5)
FNDA:1,(anonymous_6)
FNDA:2,(anonymous_7)
FNDA:3,(anonymous_8)
FNDA:3,(anonymous_9)
FNDA:1,(anonymous_10)
DA:1,4
DA:15,4
DA:23,4
DA:24,4
DA:25,4
DA:26,4
DA:27,4
DA:34,4
DA:35,14
DA:48,4
DA:49,1
DA:64,4
DA:65,1
DA:82,4
DA:83,2
DA:100,4
DA:106,3
DA:107,1
DA:109,2
DA:123,4
DA:128,3
DA:129,1
DA:131,2
DA:146,4
DA:147,1
LF:25
LH:25
BRDA:106,0,0,1
BRDA:106,1,0,3
BRDA:106,1,1,2
BRDA:128,2,0,1
BRDA:128,3,0,3
BRDA:128,3,1,2
BRF:6
BRH:6
end_of_record
TN:
SF:src/users/users.service.ts
FN:16,(anonymous_14)
FN:26,(anonymous_15)
FN:51,(anonymous_16)
FN:62,(anonymous_17)
FN:79,(anonymous_18)
FN:91,(anonymous_19)
FN:120,(anonymous_20)
FN:134,(anonymous_21)
FN:147,(anonymous_22)
FNF:9
FNH:9
FNDA:15,(anonymous_14)
FNDA:1,(anonymous_15)
FNDA:1,(anonymous_16)
FNDA:2,(anonymous_17)
FNDA:2,(anonymous_18)
FNDA:2,(anonymous_19)
FNDA:1,(anonymous_20)
FNDA:1,(anonymous_21)
FNDA:4,(anonymous_22)
DA:1,13
DA:2,13
DA:3,13
DA:4,13
DA:7,13
DA:13,13
DA:14,15
DA:18,15
DA:27,1
DA:30,1
DA:37,1
DA:43,1
DA:44,1
DA:52,1
DA:53,1
DA:63,2
DA:64,2
DA:66,2
DA:67,1
DA:68,1
DA:71,1
DA:80,2
DA:81,2
DA:92,2
DA:93,2
DA:96,2
DA:97,1
DA:105,1
DA:106,1
DA:110,2
DA:112,2
DA:121,1
DA:122,1
DA:124,1
DA:125,1
DA:135,1
DA:136,1
DA:138,1
DA:148,4
DA:149,4
DA:151,4
DA:152,1
DA:155,3
DA:156,3
DA:157,2
DA:159,1
DA:160,1
LF:47
LH:47
BRDA:66,0,0,1
BRDA:96,1,0,1
BRDA:151,2,0,1
BRDA:157,3,0,1
BRDA:157,3,1,1
BRF:5
BRH:5
end_of_record
